mode: atomic
github.com/ship-commander/sc3/cmd/sc3/main.go:18.13,19.63 1 0
github.com/ship-commander/sc3/cmd/sc3/main.go:19.63,22.3 2 0
github.com/ship-commander/sc3/cmd/sc3/main.go:25.52,27.16 2 0
github.com/ship-commander/sc3/cmd/sc3/main.go:27.16,29.3 1 0
github.com/ship-commander/sc3/cmd/sc3/main.go:31.2,32.16 2 0
github.com/ship-commander/sc3/cmd/sc3/main.go:32.16,34.3 1 0
github.com/ship-commander/sc3/cmd/sc3/main.go:35.2,35.15 1 0
github.com/ship-commander/sc3/cmd/sc3/main.go:35.15,36.50 1 0
github.com/ship-commander/sc3/cmd/sc3/main.go:36.50,38.4 1 0
github.com/ship-commander/sc3/cmd/sc3/main.go:41.2,43.48 3 0
github.com/ship-commander/sc3/cmd/sc3/main.go:43.48,45.3 1 0
github.com/ship-commander/sc3/cmd/sc3/main.go:47.2,47.12 1 0
github.com/ship-commander/sc3/cmd/sc3/main.go:50.97,68.70 4 2
github.com/ship-commander/sc3/cmd/sc3/main.go:68.70,69.57 1 0
github.com/ship-commander/sc3/cmd/sc3/main.go:69.57,71.4 1 0
github.com/ship-commander/sc3/cmd/sc3/main.go:72.3,72.20 1 0
github.com/ship-commander/sc3/cmd/sc3/main.go:72.20,74.4 1 0
github.com/ship-commander/sc3/cmd/sc3/main.go:75.3,75.17 1 0
github.com/ship-commander/sc3/cmd/sc3/main.go:75.17,77.4 1 0
github.com/ship-commander/sc3/cmd/sc3/main.go:78.3,79.13 2 0
github.com/ship-commander/sc3/cmd/sc3/main.go:82.2,83.13 2 2
github.com/ship-commander/sc3/cmd/sc3/main.go:86.76,90.52 1 10
github.com/ship-commander/sc3/cmd/sc3/main.go:90.52,91.21 1 0
github.com/ship-commander/sc3/cmd/sc3/main.go:91.21,93.5 1 0
github.com/ship-commander/sc3/cmd/sc3/main.go:94.4,94.14 1 0
github.com/ship-commander/sc3/internal/commission/parser.go:18.71,20.16 2 0
github.com/ship-commander/sc3/internal/commission/parser.go:20.16,22.3 1 0
github.com/ship-commander/sc3/internal/commission/parser.go:24.2,25.51 2 0
github.com/ship-commander/sc3/internal/commission/parser.go:29.86,30.39 1 0
github.com/ship-commander/sc3/internal/commission/parser.go:30.39,32.3 1 0
github.com/ship-commander/sc3/internal/commission/parser.go:34.2,55.8 9 0
github.com/ship-commander/sc3/internal/commission/parser.go:58.62,61.82 2 0
github.com/ship-commander/sc3/internal/commission/parser.go:61.82,62.16 1 0
github.com/ship-commander/sc3/internal/commission/parser.go:62.16,64.4 1 0
github.com/ship-commander/sc3/internal/commission/parser.go:66.3,67.10 2 0
github.com/ship-commander/sc3/internal/commission/parser.go:67.10,69.4 1 0
github.com/ship-commander/sc3/internal/commission/parser.go:71.3,72.10 2 0
github.com/ship-commander/sc3/internal/commission/parser.go:72.10,74.4 1 0
github.com/ship-commander/sc3/internal/commission/parser.go:76.3,78.22 3 0
github.com/ship-commander/sc3/internal/commission/parser.go:78.22,80.4 1 0
github.com/ship-commander/sc3/internal/commission/parser.go:82.3,85.72 3 0
github.com/ship-commander/sc3/internal/commission/parser.go:85.72,87.11 2 0
github.com/ship-commander/sc3/internal/commission/parser.go:87.11,88.13 1 0
github.com/ship-commander/sc3/internal/commission/parser.go:91.4,93.18 3 0
github.com/ship-commander/sc3/internal/commission/parser.go:93.18,94.13 1 0
github.com/ship-commander/sc3/internal/commission/parser.go:97.4,98.19 2 0
github.com/ship-commander/sc3/internal/commission/parser.go:98.19,100.5 1 0
github.com/ship-commander/sc3/internal/commission/parser.go:102.4,106.6 1 0
github.com/ship-commander/sc3/internal/commission/parser.go:109.3,109.36 1 0
github.com/ship-commander/sc3/internal/commission/parser.go:112.2,112.17 1 0
github.com/ship-commander/sc3/internal/commission/parser.go:115.67,119.82 3 0
github.com/ship-commander/sc3/internal/commission/parser.go:119.82,120.16 1 0
github.com/ship-commander/sc3/internal/commission/parser.go:120.16,122.4 1 0
github.com/ship-commander/sc3/internal/commission/parser.go:124.3,125.41 2 0
github.com/ship-commander/sc3/internal/commission/parser.go:125.41,127.4 1 0
github.com/ship-commander/sc3/internal/commission/parser.go:129.3,130.24 2 0
github.com/ship-commander/sc3/internal/commission/parser.go:130.24,132.4 1 0
github.com/ship-commander/sc3/internal/commission/parser.go:134.3,140.36 3 0
github.com/ship-commander/sc3/internal/commission/parser.go:143.2,143.17 1 0
github.com/ship-commander/sc3/internal/commission/parser.go:146.69,149.82 2 0
github.com/ship-commander/sc3/internal/commission/parser.go:149.82,150.16 1 0
github.com/ship-commander/sc3/internal/commission/parser.go:150.16,152.4 1 0
github.com/ship-commander/sc3/internal/commission/parser.go:154.3,155.32 2 0
github.com/ship-commander/sc3/internal/commission/parser.go:155.32,157.4 1 0
github.com/ship-commander/sc3/internal/commission/parser.go:159.3,160.17 2 0
github.com/ship-commander/sc3/internal/commission/parser.go:160.17,162.4 1 0
github.com/ship-commander/sc3/internal/commission/parser.go:163.3,163.36 1 0
github.com/ship-commander/sc3/internal/commission/parser.go:166.2,166.15 1 0
github.com/ship-commander/sc3/internal/commission/parser.go:169.71,176.71 3 0
github.com/ship-commander/sc3/internal/commission/parser.go:176.71,177.68 1 0
github.com/ship-commander/sc3/internal/commission/parser.go:177.68,179.12 2 0
github.com/ship-commander/sc3/internal/commission/parser.go:182.3,183.10 2 0
github.com/ship-commander/sc3/internal/commission/parser.go:183.10,184.12 1 0
github.com/ship-commander/sc3/internal/commission/parser.go:187.3,187.25 1 0
github.com/ship-commander/sc3/internal/commission/parser.go:188.19,189.73 1 0
github.com/ship-commander/sc3/internal/commission/parser.go:190.23,191.79 1 0
github.com/ship-commander/sc3/internal/commission/parser.go:195.2,195.14 1 0
github.com/ship-commander/sc3/internal/commission/parser.go:198.59,200.75 2 0
github.com/ship-commander/sc3/internal/commission/parser.go:200.75,201.46 1 0
github.com/ship-commander/sc3/internal/commission/parser.go:201.46,202.12 1 0
github.com/ship-commander/sc3/internal/commission/parser.go:204.3,204.69 1 0
github.com/ship-commander/sc3/internal/commission/parser.go:206.2,206.14 1 0
github.com/ship-commander/sc3/internal/commission/parser.go:209.61,211.76 2 0
github.com/ship-commander/sc3/internal/commission/parser.go:211.76,213.10 2 0
github.com/ship-commander/sc3/internal/commission/parser.go:213.10,214.12 1 0
github.com/ship-commander/sc3/internal/commission/parser.go:216.3,217.17 2 0
github.com/ship-commander/sc3/internal/commission/parser.go:217.17,219.4 1 0
github.com/ship-commander/sc3/internal/commission/parser.go:221.2,221.14 1 0
github.com/ship-commander/sc3/internal/commission/parser.go:224.48,226.84 2 0
github.com/ship-commander/sc3/internal/commission/parser.go:226.84,227.15 1 0
github.com/ship-commander/sc3/internal/commission/parser.go:227.15,228.49 1 0
github.com/ship-commander/sc3/internal/commission/parser.go:228.49,231.5 2 0
github.com/ship-commander/sc3/internal/commission/parser.go:233.3,233.32 1 0
github.com/ship-commander/sc3/internal/commission/parser.go:235.2,235.20 1 0
github.com/ship-commander/sc3/internal/commission/parser.go:238.54,240.84 2 0
github.com/ship-commander/sc3/internal/commission/parser.go:240.84,241.16 1 0
github.com/ship-commander/sc3/internal/commission/parser.go:241.16,243.4 1 0
github.com/ship-commander/sc3/internal/commission/parser.go:245.3,245.32 1 0
github.com/ship-commander/sc3/internal/commission/parser.go:246.19,248.54 2 0
github.com/ship-commander/sc3/internal/commission/parser.go:248.54,250.5 1 0
github.com/ship-commander/sc3/internal/commission/parser.go:251.21,252.30 1 0
github.com/ship-commander/sc3/internal/commission/parser.go:255.3,255.32 1 0
github.com/ship-commander/sc3/internal/commission/parser.go:258.2,258.46 1 0
github.com/ship-commander/sc3/internal/commission/parser.go:261.43,263.2 1 0
github.com/ship-commander/sc3/internal/commission/parser.go:265.47,267.2 1 0
github.com/ship-commander/sc3/internal/commission/parser.go:269.54,271.2 1 0
github.com/ship-commander/sc3/internal/commission/parser.go:273.60,274.33 1 0
github.com/ship-commander/sc3/internal/commission/parser.go:274.33,276.34 2 0
github.com/ship-commander/sc3/internal/commission/parser.go:276.34,277.45 1 0
github.com/ship-commander/sc3/internal/commission/parser.go:277.45,279.5 1 0
github.com/ship-commander/sc3/internal/commission/parser.go:282.2,282.11 1 0
github.com/ship-commander/sc3/internal/commission/parser.go:285.47,286.38 1 0
github.com/ship-commander/sc3/internal/commission/parser.go:286.38,288.3 1 0
github.com/ship-commander/sc3/internal/commission/parser.go:289.2,289.40 1 0
github.com/ship-commander/sc3/internal/commission/parser.go:292.39,294.21 2 0
github.com/ship-commander/sc3/internal/commission/parser.go:294.21,296.3 1 0
github.com/ship-commander/sc3/internal/commission/parser.go:297.2,297.27 1 0
github.com/ship-commander/sc3/internal/commission/parser.go:300.38,302.19 2 0
github.com/ship-commander/sc3/internal/commission/parser.go:302.19,304.3 1 0
github.com/ship-commander/sc3/internal/commission/parser.go:305.2,305.23 1 0
github.com/ship-commander/sc3/internal/commission/types.go:79.54,80.14 1 0
github.com/ship-commander/sc3/internal/commission/types.go:80.14,82.3 1 0
github.com/ship-commander/sc3/internal/commission/types.go:83.2,83.22 1 0
github.com/ship-commander/sc3/internal/commission/types.go:83.22,85.3 1 0
github.com/ship-commander/sc3/internal/commission/types.go:87.2,88.9 2 0
github.com/ship-commander/sc3/internal/commission/types.go:88.9,90.3 1 0
github.com/ship-commander/sc3/internal/commission/types.go:91.2,91.33 1 0
github.com/ship-commander/sc3/internal/commission/types.go:91.33,93.3 1 0
github.com/ship-commander/sc3/internal/commission/types.go:95.2,96.12 2 0
github.com/ship-commander/sc3/internal/logging/logger.go:21.55,23.16 2 1
github.com/ship-commander/sc3/internal/logging/logger.go:23.16,25.3 1 0
github.com/ship-commander/sc3/internal/logging/logger.go:27.2,28.51 2 1
github.com/ship-commander/sc3/internal/logging/logger.go:28.51,30.3 1 0
github.com/ship-commander/sc3/internal/logging/logger.go:32.2,35.16 3 1
github.com/ship-commander/sc3/internal/logging/logger.go:35.16,37.3 1 0
github.com/ship-commander/sc3/internal/logging/logger.go:39.2,53.8 5 1
github.com/ship-commander/sc3/internal/logging/logger.go:57.39,58.31 1 1
github.com/ship-commander/sc3/internal/logging/logger.go:58.31,60.3 1 0
github.com/ship-commander/sc3/internal/logging/logger.go:61.2,61.23 1 1
github.com/ship-commander/sc3/internal/logging/logger.go:65.39,66.14 1 1
github.com/ship-commander/sc3/internal/logging/logger.go:66.14,68.3 1 0
github.com/ship-commander/sc3/internal/logging/logger.go:69.2,69.15 1 1
github.com/ship-commander/sc3/internal/config/config.go:49.49,53.16 3 2
github.com/ship-commander/sc3/internal/config/config.go:53.16,55.3 1 0
github.com/ship-commander/sc3/internal/config/config.go:57.2,58.16 2 2
github.com/ship-commander/sc3/internal/config/config.go:58.16,60.3 1 0
github.com/ship-commander/sc3/internal/config/config.go:62.2,67.29 2 2
github.com/ship-commander/sc3/internal/config/config.go:67.29,68.53 1 4
github.com/ship-commander/sc3/internal/config/config.go:68.53,70.4 1 0
github.com/ship-commander/sc3/internal/config/config.go:73.2,74.18 2 2
github.com/ship-commander/sc3/internal/config/config.go:77.24,88.2 1 2
github.com/ship-commander/sc3/internal/config/config.go:90.54,91.16 1 4
github.com/ship-commander/sc3/internal/config/config.go:91.16,93.3 1 0
github.com/ship-commander/sc3/internal/config/config.go:95.2,95.41 1 4
github.com/ship-commander/sc3/internal/config/config.go:95.41,96.37 1 2
github.com/ship-commander/sc3/internal/config/config.go:96.37,98.4 1 2
github.com/ship-commander/sc3/internal/config/config.go:99.3,99.58 1 0
github.com/ship-commander/sc3/internal/config/config.go:102.2,103.59 2 2
github.com/ship-commander/sc3/internal/config/config.go:103.59,105.3 1 0
github.com/ship-commander/sc3/internal/config/config.go:107.2,107.35 1 2
github.com/ship-commander/sc3/internal/config/config.go:107.35,109.3 1 1
github.com/ship-commander/sc3/internal/config/config.go:110.2,110.33 1 2
github.com/ship-commander/sc3/internal/config/config.go:110.33,112.3 1 2
github.com/ship-commander/sc3/internal/config/config.go:113.2,113.29 1 2
github.com/ship-commander/sc3/internal/config/config.go:113.29,115.3 1 1
github.com/ship-commander/sc3/internal/config/config.go:116.2,116.33 1 2
github.com/ship-commander/sc3/internal/config/config.go:116.33,118.3 1 1
github.com/ship-commander/sc3/internal/config/config.go:119.2,119.42 1 2
github.com/ship-commander/sc3/internal/config/config.go:119.42,121.3 1 0
github.com/ship-commander/sc3/internal/config/config.go:123.2,123.33 1 2
github.com/ship-commander/sc3/internal/config/config.go:123.33,125.17 2 1
github.com/ship-commander/sc3/internal/config/config.go:125.17,127.4 1 0
github.com/ship-commander/sc3/internal/config/config.go:128.3,128.27 1 1
github.com/ship-commander/sc3/internal/config/config.go:130.2,130.38 1 2
github.com/ship-commander/sc3/internal/config/config.go:130.38,132.17 2 1
github.com/ship-commander/sc3/internal/config/config.go:132.17,134.4 1 0
github.com/ship-commander/sc3/internal/config/config.go:135.3,135.32 1 1
github.com/ship-commander/sc3/internal/config/config.go:137.2,137.32 1 2
github.com/ship-commander/sc3/internal/config/config.go:137.32,139.17 2 1
github.com/ship-commander/sc3/internal/config/config.go:139.17,141.4 1 0
github.com/ship-commander/sc3/internal/config/config.go:142.3,142.26 1 1
github.com/ship-commander/sc3/internal/config/config.go:145.2,145.12 1 2
github.com/ship-commander/sc3/internal/config/config.go:148.68,150.16 2 3
github.com/ship-commander/sc3/internal/config/config.go:150.16,152.3 1 0
github.com/ship-commander/sc3/internal/config/config.go:153.2,153.20 1 3
github.com/ship-commander/sc3/test/test_helpers.go:20.44,25.2 4 1
github.com/ship-commander/sc3/test/test_helpers.go:29.35,33.19 4 2
github.com/ship-commander/sc3/test/test_helpers.go:33.19,36.3 2 2
github.com/ship-commander/sc3/test/test_helpers.go:37.2,37.12 1 2
github.com/ship-commander/sc3/test/test_helpers.go:42.52,49.2 6 1
github.com/ship-commander/sc3/test/test_helpers.go:53.38,61.19 6 0
github.com/ship-commander/sc3/test/test_helpers.go:61.19,64.3 2 0
github.com/ship-commander/sc3/test/test_helpers.go:68.44,71.2 2 0
github.com/ship-commander/sc3/test/test_helpers.go:74.45,77.2 2 0
github.com/ship-commander/sc3/test/test_helpers.go:80.50,84.2 3 2
github.com/ship-commander/sc3/test/test_helpers.go:87.53,91.2 3 0
github.com/ship-commander/sc3/test/test_helpers.go:94.68,100.2 4 1
github.com/ship-commander/sc3/test/test_helpers.go:103.32,105.21 2 1
github.com/ship-commander/sc3/test/test_helpers.go:105.21,107.3 1 0
github.com/ship-commander/sc3/test/test_helpers.go:142.87,144.27 2 0
github.com/ship-commander/sc3/test/test_helpers.go:144.27,145.37 1 0
github.com/ship-commander/sc3/test/test_helpers.go:145.37,147.4 1 0
github.com/ship-commander/sc3/test/test_helpers.go:152.62,155.2 2 0
github.com/ship-commander/sc3/test/test_helpers.go:158.64,161.2 2 0
github.com/ship-commander/sc3/test/test_helpers.go:164.73,167.2 2 0
