mode: atomic
github.com/ship-commander/sc3/cmd/sc3/main.go:18.13,19.63 1 0
github.com/ship-commander/sc3/cmd/sc3/main.go:19.63,22.3 2 0
github.com/ship-commander/sc3/cmd/sc3/main.go:25.52,27.16 2 0
github.com/ship-commander/sc3/cmd/sc3/main.go:27.16,29.3 1 0
github.com/ship-commander/sc3/cmd/sc3/main.go:31.2,32.16 2 0
github.com/ship-commander/sc3/cmd/sc3/main.go:32.16,34.3 1 0
github.com/ship-commander/sc3/cmd/sc3/main.go:35.2,35.15 1 0
github.com/ship-commander/sc3/cmd/sc3/main.go:35.15,36.50 1 0
github.com/ship-commander/sc3/cmd/sc3/main.go:36.50,38.4 1 0
github.com/ship-commander/sc3/cmd/sc3/main.go:41.2,43.48 3 0
github.com/ship-commander/sc3/cmd/sc3/main.go:43.48,45.3 1 0
github.com/ship-commander/sc3/cmd/sc3/main.go:47.2,47.12 1 0
github.com/ship-commander/sc3/cmd/sc3/main.go:50.97,68.70 4 2
github.com/ship-commander/sc3/cmd/sc3/main.go:68.70,69.57 1 0
github.com/ship-commander/sc3/cmd/sc3/main.go:69.57,71.4 1 0
github.com/ship-commander/sc3/cmd/sc3/main.go:72.3,72.20 1 0
github.com/ship-commander/sc3/cmd/sc3/main.go:72.20,74.4 1 0
github.com/ship-commander/sc3/cmd/sc3/main.go:75.3,75.17 1 0
github.com/ship-commander/sc3/cmd/sc3/main.go:75.17,77.4 1 0
github.com/ship-commander/sc3/cmd/sc3/main.go:78.3,79.13 2 0
github.com/ship-commander/sc3/cmd/sc3/main.go:82.2,83.13 2 2
github.com/ship-commander/sc3/cmd/sc3/main.go:86.76,90.52 1 10
github.com/ship-commander/sc3/cmd/sc3/main.go:90.52,91.21 1 0
github.com/ship-commander/sc3/cmd/sc3/main.go:91.21,93.5 1 0
github.com/ship-commander/sc3/cmd/sc3/main.go:94.4,94.14 1 0
github.com/ship-commander/sc3/internal/admiral/question_gate.go:59.52,60.21 1 1
github.com/ship-commander/sc3/internal/admiral/question_gate.go:60.21,62.3 1 0
github.com/ship-commander/sc3/internal/admiral/question_gate.go:63.2,68.3 1 1
github.com/ship-commander/sc3/internal/admiral/question_gate.go:72.59,74.2 1 1
github.com/ship-commander/sc3/internal/admiral/question_gate.go:77.65,78.14 1 1
github.com/ship-commander/sc3/internal/admiral/question_gate.go:78.14,80.3 1 0
github.com/ship-commander/sc3/internal/admiral/question_gate.go:82.2,85.29 4 1
github.com/ship-commander/sc3/internal/admiral/question_gate.go:85.29,87.3 1 0
github.com/ship-commander/sc3/internal/admiral/question_gate.go:89.2,90.12 2 1
github.com/ship-commander/sc3/internal/admiral/question_gate.go:94.98,95.14 1 1
github.com/ship-commander/sc3/internal/admiral/question_gate.go:95.14,97.3 1 0
github.com/ship-commander/sc3/internal/admiral/question_gate.go:99.2,100.16 2 1
github.com/ship-commander/sc3/internal/admiral/question_gate.go:100.16,102.3 1 0
github.com/ship-commander/sc3/internal/admiral/question_gate.go:103.2,105.9 2 1
github.com/ship-commander/sc3/internal/admiral/question_gate.go:106.33,106.33 0 1
github.com/ship-commander/sc3/internal/admiral/question_gate.go:107.20,108.36 1 0
github.com/ship-commander/sc3/internal/admiral/question_gate.go:111.2,111.6 1 1
github.com/ship-commander/sc3/internal/admiral/question_gate.go:111.6,112.10 1 1
github.com/ship-commander/sc3/internal/admiral/question_gate.go:113.30,115.50 2 1
github.com/ship-commander/sc3/internal/admiral/question_gate.go:115.50,116.13 1 0
github.com/ship-commander/sc3/internal/admiral/question_gate.go:118.4,129.22 5 1
github.com/ship-commander/sc3/internal/admiral/question_gate.go:130.21,131.37 1 0
github.com/ship-commander/sc3/internal/admiral/question_gate.go:137.51,138.14 1 1
github.com/ship-commander/sc3/internal/admiral/question_gate.go:138.14,140.3 1 0
github.com/ship-commander/sc3/internal/admiral/question_gate.go:142.2,147.16 5 1
github.com/ship-commander/sc3/internal/admiral/question_gate.go:150.75,156.31 6 4
github.com/ship-commander/sc3/internal/admiral/question_gate.go:156.31,158.3 1 0
github.com/ship-commander/sc3/internal/admiral/question_gate.go:159.2,159.32 1 4
github.com/ship-commander/sc3/internal/admiral/question_gate.go:159.32,161.3 1 0
github.com/ship-commander/sc3/internal/admiral/question_gate.go:162.2,162.33 1 4
github.com/ship-commander/sc3/internal/admiral/question_gate.go:162.33,164.3 1 0
github.com/ship-commander/sc3/internal/admiral/question_gate.go:166.2,167.42 2 4
github.com/ship-commander/sc3/internal/admiral/question_gate.go:167.42,169.19 2 8
github.com/ship-commander/sc3/internal/admiral/question_gate.go:169.19,170.12 1 0
github.com/ship-commander/sc3/internal/admiral/question_gate.go:172.3,172.36 1 8
github.com/ship-commander/sc3/internal/admiral/question_gate.go:174.2,176.22 2 4
github.com/ship-commander/sc3/internal/admiral/question_gate.go:179.58,184.2 4 4
github.com/ship-commander/sc3/internal/admiral/question_gate.go:187.75,189.16 2 3
github.com/ship-commander/sc3/internal/admiral/question_gate.go:189.16,191.3 1 0
github.com/ship-commander/sc3/internal/admiral/question_gate.go:192.2,194.29 2 3
github.com/ship-commander/sc3/internal/admiral/question_gate.go:194.29,196.3 1 0
github.com/ship-commander/sc3/internal/admiral/question_gate.go:197.2,197.46 1 3
github.com/ship-commander/sc3/internal/admiral/question_gate.go:197.46,199.3 1 0
github.com/ship-commander/sc3/internal/admiral/question_gate.go:200.2,200.21 1 3
github.com/ship-commander/sc3/internal/admiral/question_gate.go:200.21,202.3 1 1
github.com/ship-commander/sc3/internal/admiral/question_gate.go:204.2,204.33 1 2
github.com/ship-commander/sc3/internal/admiral/question_gate.go:204.33,205.43 1 1
github.com/ship-commander/sc3/internal/admiral/question_gate.go:205.43,206.39 1 1
github.com/ship-commander/sc3/internal/admiral/question_gate.go:206.39,208.5 1 1
github.com/ship-commander/sc3/internal/admiral/question_gate.go:210.3,210.95 1 0
github.com/ship-commander/sc3/internal/admiral/question_gate.go:213.2,213.27 1 1
github.com/ship-commander/sc3/internal/admiral/question_gate.go:213.27,214.30 1 1
github.com/ship-commander/sc3/internal/admiral/question_gate.go:214.30,216.4 1 0
github.com/ship-commander/sc3/internal/admiral/question_gate.go:217.3,217.13 1 1
github.com/ship-commander/sc3/internal/admiral/question_gate.go:220.2,220.79 1 0
github.com/ship-commander/sc3/internal/commander/phases/green.go:98.25,99.23 1 9
github.com/ship-commander/sc3/internal/commander/phases/green.go:99.23,101.3 1 1
github.com/ship-commander/sc3/internal/commander/phases/green.go:102.2,102.19 1 8
github.com/ship-commander/sc3/internal/commander/phases/green.go:102.19,104.3 1 1
github.com/ship-commander/sc3/internal/commander/phases/green.go:105.2,105.18 1 7
github.com/ship-commander/sc3/internal/commander/phases/green.go:105.18,107.3 1 1
github.com/ship-commander/sc3/internal/commander/phases/green.go:108.2,108.23 1 6
github.com/ship-commander/sc3/internal/commander/phases/green.go:108.23,110.3 1 1
github.com/ship-commander/sc3/internal/commander/phases/green.go:111.2,111.22 1 5
github.com/ship-commander/sc3/internal/commander/phases/green.go:111.22,113.3 1 1
github.com/ship-commander/sc3/internal/commander/phases/green.go:115.2,121.8 1 4
github.com/ship-commander/sc3/internal/commander/phases/green.go:125.88,126.46 1 5
github.com/ship-commander/sc3/internal/commander/phases/green.go:126.46,128.3 1 1
github.com/ship-commander/sc3/internal/commander/phases/green.go:129.2,129.41 1 4
github.com/ship-commander/sc3/internal/commander/phases/green.go:129.41,131.3 1 1
github.com/ship-commander/sc3/internal/commander/phases/green.go:133.2,134.56 2 3
github.com/ship-commander/sc3/internal/commander/phases/green.go:134.56,143.18 1 5
github.com/ship-commander/sc3/internal/commander/phases/green.go:143.18,145.4 1 0
github.com/ship-commander/sc3/internal/commander/phases/green.go:147.3,147.96 1 5
github.com/ship-commander/sc3/internal/commander/phases/green.go:147.96,149.4 1 0
github.com/ship-commander/sc3/internal/commander/phases/green.go:151.3,157.17 2 5
github.com/ship-commander/sc3/internal/commander/phases/green.go:157.17,159.4 1 0
github.com/ship-commander/sc3/internal/commander/phases/green.go:161.3,161.27 1 5
github.com/ship-commander/sc3/internal/commander/phases/green.go:161.27,162.99 1 2
github.com/ship-commander/sc3/internal/commander/phases/green.go:162.99,164.5 1 0
github.com/ship-commander/sc3/internal/commander/phases/green.go:165.4,168.10 1 2
github.com/ship-commander/sc3/internal/commander/phases/green.go:171.3,172.95 2 3
github.com/ship-commander/sc3/internal/commander/phases/green.go:172.95,174.4 1 0
github.com/ship-commander/sc3/internal/commander/phases/green.go:177.2,178.19 2 1
github.com/ship-commander/sc3/internal/commander/phases/green.go:178.19,180.3 1 0
github.com/ship-commander/sc3/internal/commander/phases/green.go:181.2,185.95 1 1
github.com/ship-commander/sc3/internal/commander/phases/red.go:174.25,175.23 1 4
github.com/ship-commander/sc3/internal/commander/phases/red.go:175.23,177.3 1 0
github.com/ship-commander/sc3/internal/commander/phases/red.go:178.2,178.19 1 4
github.com/ship-commander/sc3/internal/commander/phases/red.go:178.19,180.3 1 0
github.com/ship-commander/sc3/internal/commander/phases/red.go:181.2,181.21 1 4
github.com/ship-commander/sc3/internal/commander/phases/red.go:181.21,183.3 1 0
github.com/ship-commander/sc3/internal/commander/phases/red.go:184.2,184.24 1 4
github.com/ship-commander/sc3/internal/commander/phases/red.go:184.24,186.3 1 0
github.com/ship-commander/sc3/internal/commander/phases/red.go:187.2,187.21 1 4
github.com/ship-commander/sc3/internal/commander/phases/red.go:187.21,189.3 1 0
github.com/ship-commander/sc3/internal/commander/phases/red.go:190.2,190.21 1 4
github.com/ship-commander/sc3/internal/commander/phases/red.go:190.21,192.3 1 0
github.com/ship-commander/sc3/internal/commander/phases/red.go:193.2,193.24 1 4
github.com/ship-commander/sc3/internal/commander/phases/red.go:193.24,195.3 1 0
github.com/ship-commander/sc3/internal/commander/phases/red.go:197.2,206.8 1 4
github.com/ship-commander/sc3/internal/commander/phases/red.go:210.105,211.14 1 4
github.com/ship-commander/sc3/internal/commander/phases/red.go:211.14,213.3 1 0
github.com/ship-commander/sc3/internal/commander/phases/red.go:214.2,214.48 1 4
github.com/ship-commander/sc3/internal/commander/phases/red.go:214.48,216.3 1 0
github.com/ship-commander/sc3/internal/commander/phases/red.go:218.2,219.18 2 4
github.com/ship-commander/sc3/internal/commander/phases/red.go:219.18,221.3 1 3
github.com/ship-commander/sc3/internal/commander/phases/red.go:223.2,231.67 2 4
github.com/ship-commander/sc3/internal/commander/phases/red.go:231.67,233.3 1 0
github.com/ship-commander/sc3/internal/commander/phases/red.go:235.2,238.16 4 4
github.com/ship-commander/sc3/internal/commander/phases/red.go:238.16,239.101 1 1
github.com/ship-commander/sc3/internal/commander/phases/red.go:239.101,247.89 2 1
github.com/ship-commander/sc3/internal/commander/phases/red.go:247.89,249.5 1 0
github.com/ship-commander/sc3/internal/commander/phases/red.go:250.4,253.93 1 1
github.com/ship-commander/sc3/internal/commander/phases/red.go:255.3,255.82 1 0
github.com/ship-commander/sc3/internal/commander/phases/red.go:257.2,257.70 1 3
github.com/ship-commander/sc3/internal/commander/phases/red.go:257.70,259.3 1 0
github.com/ship-commander/sc3/internal/commander/phases/red.go:261.2,266.16 2 3
github.com/ship-commander/sc3/internal/commander/phases/red.go:266.16,268.3 1 0
github.com/ship-commander/sc3/internal/commander/phases/red.go:270.2,270.35 1 3
github.com/ship-commander/sc3/internal/commander/phases/red.go:271.32,272.114 1 2
github.com/ship-commander/sc3/internal/commander/phases/red.go:272.114,274.4 1 0
github.com/ship-commander/sc3/internal/commander/phases/red.go:275.3,279.9 1 2
github.com/ship-commander/sc3/internal/commander/phases/red.go:280.32,290.67 3 1
github.com/ship-commander/sc3/internal/commander/phases/red.go:290.67,292.4 1 0
github.com/ship-commander/sc3/internal/commander/phases/red.go:294.3,300.18 2 1
github.com/ship-commander/sc3/internal/commander/phases/red.go:300.18,302.4 1 0
github.com/ship-commander/sc3/internal/commander/phases/red.go:304.3,309.9 1 1
github.com/ship-commander/sc3/internal/commander/phases/red.go:310.10,311.113 1 0
github.com/ship-commander/sc3/internal/commander/phases/red.go:315.54,316.46 1 4
github.com/ship-commander/sc3/internal/commander/phases/red.go:316.46,318.3 1 0
github.com/ship-commander/sc3/internal/commander/phases/red.go:319.2,319.48 1 4
github.com/ship-commander/sc3/internal/commander/phases/red.go:319.48,321.3 1 0
github.com/ship-commander/sc3/internal/commander/phases/red.go:322.2,322.41 1 4
github.com/ship-commander/sc3/internal/commander/phases/red.go:322.41,324.3 1 0
github.com/ship-commander/sc3/internal/commander/phases/red.go:325.2,325.50 1 4
github.com/ship-commander/sc3/internal/commander/phases/red.go:325.50,327.3 1 0
github.com/ship-commander/sc3/internal/commander/phases/red.go:328.2,328.49 1 4
github.com/ship-commander/sc3/internal/commander/phases/red.go:328.49,330.3 1 0
github.com/ship-commander/sc3/internal/commander/phases/red.go:331.2,331.23 1 4
github.com/ship-commander/sc3/internal/commander/phases/red.go:331.23,333.3 1 0
github.com/ship-commander/sc3/internal/commander/phases/red.go:334.2,334.12 1 4
github.com/ship-commander/sc3/internal/commander/phases/refactor.go:71.28,72.23 1 9
github.com/ship-commander/sc3/internal/commander/phases/refactor.go:72.23,74.3 1 1
github.com/ship-commander/sc3/internal/commander/phases/refactor.go:75.2,75.19 1 8
github.com/ship-commander/sc3/internal/commander/phases/refactor.go:75.19,77.3 1 1
github.com/ship-commander/sc3/internal/commander/phases/refactor.go:78.2,78.18 1 7
github.com/ship-commander/sc3/internal/commander/phases/refactor.go:78.18,80.3 1 1
github.com/ship-commander/sc3/internal/commander/phases/refactor.go:81.2,81.23 1 6
github.com/ship-commander/sc3/internal/commander/phases/refactor.go:81.23,83.3 1 1
github.com/ship-commander/sc3/internal/commander/phases/refactor.go:84.2,84.23 1 5
github.com/ship-commander/sc3/internal/commander/phases/refactor.go:84.23,86.3 1 1
github.com/ship-commander/sc3/internal/commander/phases/refactor.go:88.2,94.8 1 4
github.com/ship-commander/sc3/internal/commander/phases/refactor.go:98.97,99.46 1 5
github.com/ship-commander/sc3/internal/commander/phases/refactor.go:99.46,101.3 1 1
github.com/ship-commander/sc3/internal/commander/phases/refactor.go:102.2,102.41 1 4
github.com/ship-commander/sc3/internal/commander/phases/refactor.go:102.41,104.3 1 1
github.com/ship-commander/sc3/internal/commander/phases/refactor.go:106.2,110.17 1 3
github.com/ship-commander/sc3/internal/commander/phases/refactor.go:110.17,112.3 1 0
github.com/ship-commander/sc3/internal/commander/phases/refactor.go:114.2,114.98 1 3
github.com/ship-commander/sc3/internal/commander/phases/refactor.go:114.98,116.3 1 0
github.com/ship-commander/sc3/internal/commander/phases/refactor.go:118.2,124.16 2 3
github.com/ship-commander/sc3/internal/commander/phases/refactor.go:124.16,126.3 1 0
github.com/ship-commander/sc3/internal/commander/phases/refactor.go:128.2,128.26 1 3
github.com/ship-commander/sc3/internal/commander/phases/refactor.go:128.26,129.115 1 1
github.com/ship-commander/sc3/internal/commander/phases/refactor.go:129.115,131.4 1 0
github.com/ship-commander/sc3/internal/commander/phases/refactor.go:132.3,135.9 1 1
github.com/ship-commander/sc3/internal/commander/phases/refactor.go:138.2,139.94 2 2
github.com/ship-commander/sc3/internal/commander/phases/refactor.go:139.94,141.3 1 1
github.com/ship-commander/sc3/internal/commander/phases/refactor.go:143.2,147.82 1 1
github.com/ship-commander/sc3/internal/commander/phases/refactor.go:150.43,151.37 1 1
github.com/ship-commander/sc3/internal/commander/phases/refactor.go:151.37,153.3 1 0
github.com/ship-commander/sc3/internal/commander/phases/refactor.go:154.2,154.15 1 1
github.com/ship-commander/sc3/internal/commander/commander.go:56.32,58.18 2 1
github.com/ship-commander/sc3/internal/commander/commander.go:58.18,60.3 1 0
github.com/ship-commander/sc3/internal/commander/commander.go:61.2,61.24 1 1
github.com/ship-commander/sc3/internal/commander/commander.go:151.23,152.18 1 10
github.com/ship-commander/sc3/internal/commander/commander.go:152.18,154.3 1 0
github.com/ship-commander/sc3/internal/commander/commander.go:155.2,155.22 1 10
github.com/ship-commander/sc3/internal/commander/commander.go:155.22,157.3 1 0
github.com/ship-commander/sc3/internal/commander/commander.go:158.2,158.18 1 10
github.com/ship-commander/sc3/internal/commander/commander.go:158.18,160.3 1 0
github.com/ship-commander/sc3/internal/commander/commander.go:161.2,161.20 1 10
github.com/ship-commander/sc3/internal/commander/commander.go:161.20,163.3 1 0
github.com/ship-commander/sc3/internal/commander/commander.go:164.2,164.21 1 10
github.com/ship-commander/sc3/internal/commander/commander.go:164.21,166.3 1 0
github.com/ship-commander/sc3/internal/commander/commander.go:167.2,167.23 1 10
github.com/ship-commander/sc3/internal/commander/commander.go:167.23,169.3 1 0
github.com/ship-commander/sc3/internal/commander/commander.go:170.2,170.19 1 10
github.com/ship-commander/sc3/internal/commander/commander.go:170.19,172.3 1 0
github.com/ship-commander/sc3/internal/commander/commander.go:173.2,173.23 1 10
github.com/ship-commander/sc3/internal/commander/commander.go:173.23,175.3 1 0
github.com/ship-commander/sc3/internal/commander/commander.go:177.2,187.8 1 10
github.com/ship-commander/sc3/internal/commander/commander.go:191.77,192.43 1 10
github.com/ship-commander/sc3/internal/commander/commander.go:192.43,194.3 1 0
github.com/ship-commander/sc3/internal/commander/commander.go:196.2,197.16 2 10
github.com/ship-commander/sc3/internal/commander/commander.go:197.16,199.3 1 0
github.com/ship-commander/sc3/internal/commander/commander.go:200.2,201.16 2 10
github.com/ship-commander/sc3/internal/commander/commander.go:201.16,203.3 1 0
github.com/ship-commander/sc3/internal/commander/commander.go:205.2,205.29 1 10
github.com/ship-commander/sc3/internal/commander/commander.go:205.29,206.69 1 11
github.com/ship-commander/sc3/internal/commander/commander.go:206.69,208.4 1 6
github.com/ship-commander/sc3/internal/commander/commander.go:211.2,211.12 1 4
github.com/ship-commander/sc3/internal/commander/commander.go:214.116,215.24 1 11
github.com/ship-commander/sc3/internal/commander/commander.go:215.24,217.3 1 0
github.com/ship-commander/sc3/internal/commander/commander.go:219.2,221.35 3 11
github.com/ship-commander/sc3/internal/commander/commander.go:221.35,224.3 2 13
github.com/ship-commander/sc3/internal/commander/commander.go:226.2,226.23 1 11
github.com/ship-commander/sc3/internal/commander/commander.go:226.23,228.17 2 12
github.com/ship-commander/sc3/internal/commander/commander.go:228.17,230.4 1 0
github.com/ship-commander/sc3/internal/commander/commander.go:232.3,233.31 2 12
github.com/ship-commander/sc3/internal/commander/commander.go:233.31,235.4 1 18
github.com/ship-commander/sc3/internal/commander/commander.go:237.3,238.28 2 12
github.com/ship-commander/sc3/internal/commander/commander.go:238.28,240.11 2 15
github.com/ship-commander/sc3/internal/commander/commander.go:240.11,241.13 1 2
github.com/ship-commander/sc3/internal/commander/commander.go:243.4,243.34 1 13
github.com/ship-commander/sc3/internal/commander/commander.go:243.34,244.13 1 0
github.com/ship-commander/sc3/internal/commander/commander.go:246.4,247.32 2 13
github.com/ship-commander/sc3/internal/commander/commander.go:247.32,248.10 1 8
github.com/ship-commander/sc3/internal/commander/commander.go:252.3,252.22 1 12
github.com/ship-commander/sc3/internal/commander/commander.go:252.22,254.4 1 0
github.com/ship-commander/sc3/internal/commander/commander.go:256.3,256.59 1 12
github.com/ship-commander/sc3/internal/commander/commander.go:256.59,258.4 1 6
github.com/ship-commander/sc3/internal/commander/commander.go:259.3,259.33 1 6
github.com/ship-commander/sc3/internal/commander/commander.go:259.33,261.4 1 7
github.com/ship-commander/sc3/internal/commander/commander.go:264.2,264.12 1 5
github.com/ship-commander/sc3/internal/commander/commander.go:267.89,271.32 3 12
github.com/ship-commander/sc3/internal/commander/commander.go:271.32,274.13 3 13
github.com/ship-commander/sc3/internal/commander/commander.go:274.13,276.64 2 13
github.com/ship-commander/sc3/internal/commander/commander.go:276.64,278.5 1 6
github.com/ship-commander/sc3/internal/commander/commander.go:282.2,286.25 4 12
github.com/ship-commander/sc3/internal/commander/commander.go:286.25,288.3 1 6
github.com/ship-commander/sc3/internal/commander/commander.go:289.2,289.20 1 12
github.com/ship-commander/sc3/internal/commander/commander.go:289.20,291.3 1 6
github.com/ship-commander/sc3/internal/commander/commander.go:292.2,292.29 1 6
github.com/ship-commander/sc3/internal/commander/commander.go:295.91,296.76 1 13
github.com/ship-commander/sc3/internal/commander/commander.go:296.76,299.3 2 2
github.com/ship-commander/sc3/internal/commander/commander.go:301.2,302.16 2 11
github.com/ship-commander/sc3/internal/commander/commander.go:302.16,305.3 2 0
github.com/ship-commander/sc3/internal/commander/commander.go:307.2,308.16 2 11
github.com/ship-commander/sc3/internal/commander/commander.go:308.16,311.3 2 0
github.com/ship-commander/sc3/internal/commander/commander.go:312.2,312.15 1 11
github.com/ship-commander/sc3/internal/commander/commander.go:312.15,314.3 1 11
github.com/ship-commander/sc3/internal/commander/commander.go:316.2,319.17 1 11
github.com/ship-commander/sc3/internal/commander/commander.go:319.17,322.3 2 0
github.com/ship-commander/sc3/internal/commander/commander.go:324.2,324.35 1 11
github.com/ship-commander/sc3/internal/commander/commander.go:324.35,325.80 1 4
github.com/ship-commander/sc3/internal/commander/commander.go:325.80,328.4 2 1
github.com/ship-commander/sc3/internal/commander/commander.go:329.3,329.75 1 3
github.com/ship-commander/sc3/internal/commander/commander.go:329.75,338.4 2 2
github.com/ship-commander/sc3/internal/commander/commander.go:339.8,340.71 1 7
github.com/ship-commander/sc3/internal/commander/commander.go:340.71,343.4 2 1
github.com/ship-commander/sc3/internal/commander/commander.go:346.2,352.17 1 7
github.com/ship-commander/sc3/internal/commander/commander.go:352.17,354.3 1 0
github.com/ship-commander/sc3/internal/commander/commander.go:356.2,356.12 1 7
github.com/ship-commander/sc3/internal/commander/commander.go:365.9,375.2 1 6
github.com/ship-commander/sc3/internal/commander/commander.go:377.69,379.2 1 13
github.com/ship-commander/sc3/internal/commander/commander.go:381.69,382.24 1 13
github.com/ship-commander/sc3/internal/commander/commander.go:382.24,384.3 1 0
github.com/ship-commander/sc3/internal/commander/commander.go:385.2,385.33 1 13
github.com/ship-commander/sc3/internal/commander/commander.go:385.33,387.3 1 1
github.com/ship-commander/sc3/internal/commander/commander.go:389.2,390.23 2 12
github.com/ship-commander/sc3/internal/commander/commander.go:390.23,392.3 1 11
github.com/ship-commander/sc3/internal/commander/commander.go:393.2,393.43 1 12
github.com/ship-commander/sc3/internal/commander/commander.go:393.43,397.3 1 1
github.com/ship-commander/sc3/internal/commander/commander.go:399.2,399.22 1 11
github.com/ship-commander/sc3/internal/commander/commander.go:402.56,403.16 1 2
github.com/ship-commander/sc3/internal/commander/commander.go:403.16,405.3 1 0
github.com/ship-commander/sc3/internal/commander/commander.go:406.2,406.36 1 2
github.com/ship-commander/sc3/internal/commander/commander.go:406.36,408.3 1 1
github.com/ship-commander/sc3/internal/commander/commander.go:410.2,413.45 2 1
github.com/ship-commander/sc3/internal/commander/commander.go:413.45,415.3 1 0
github.com/ship-commander/sc3/internal/commander/commander.go:417.2,417.35 1 1
github.com/ship-commander/sc3/internal/commander/commander.go:420.49,422.2 1 11
github.com/ship-commander/sc3/internal/commander/waves.go:11.60,12.24 1 13
github.com/ship-commander/sc3/internal/commander/waves.go:12.24,14.3 1 0
github.com/ship-commander/sc3/internal/commander/waves.go:16.2,18.35 3 13
github.com/ship-commander/sc3/internal/commander/waves.go:18.35,19.42 1 20
github.com/ship-commander/sc3/internal/commander/waves.go:19.42,21.4 1 0
github.com/ship-commander/sc3/internal/commander/waves.go:22.3,22.44 1 20
github.com/ship-commander/sc3/internal/commander/waves.go:22.44,24.4 1 0
github.com/ship-commander/sc3/internal/commander/waves.go:25.3,26.24 2 20
github.com/ship-commander/sc3/internal/commander/waves.go:29.2,31.35 3 13
github.com/ship-commander/sc3/internal/commander/waves.go:31.35,33.3 1 20
github.com/ship-commander/sc3/internal/commander/waves.go:35.2,35.35 1 13
github.com/ship-commander/sc3/internal/commander/waves.go:35.35,36.41 1 20
github.com/ship-commander/sc3/internal/commander/waves.go:36.41,37.31 1 5
github.com/ship-commander/sc3/internal/commander/waves.go:37.31,38.13 1 0
github.com/ship-commander/sc3/internal/commander/waves.go:40.4,41.53 2 5
github.com/ship-commander/sc3/internal/commander/waves.go:45.2,46.35 2 13
github.com/ship-commander/sc3/internal/commander/waves.go:46.35,47.32 1 20
github.com/ship-commander/sc3/internal/commander/waves.go:47.32,49.4 1 15
github.com/ship-commander/sc3/internal/commander/waves.go:52.2,54.23 3 13
github.com/ship-commander/sc3/internal/commander/waves.go:54.23,55.49 1 14
github.com/ship-commander/sc3/internal/commander/waves.go:55.49,57.4 1 4
github.com/ship-commander/sc3/internal/commander/waves.go:59.3,61.30 3 14
github.com/ship-commander/sc3/internal/commander/waves.go:61.30,64.39 3 18
github.com/ship-commander/sc3/internal/commander/waves.go:64.39,66.29 2 3
github.com/ship-commander/sc3/internal/commander/waves.go:66.29,68.6 1 3
github.com/ship-commander/sc3/internal/commander/waves.go:72.3,73.17 2 14
github.com/ship-commander/sc3/internal/commander/waves.go:76.2,76.30 1 13
github.com/ship-commander/sc3/internal/commander/waves.go:76.30,78.3 1 1
github.com/ship-commander/sc3/internal/commander/waves.go:80.2,80.19 1 12
github.com/ship-commander/sc3/internal/commander/waves.go:85.35,90.22 5 2
github.com/ship-commander/sc3/internal/commander/waves.go:90.22,92.3 1 0
github.com/ship-commander/sc3/internal/commander/waves.go:93.2,93.19 1 2
github.com/ship-commander/sc3/internal/commander/waves.go:96.44,98.24 2 1
github.com/ship-commander/sc3/internal/commander/waves.go:98.24,100.3 1 0
github.com/ship-commander/sc3/internal/commander/waves.go:101.2,101.27 1 1
github.com/ship-commander/sc3/internal/commander/worktree.go:19.112,30.2 8 0
github.com/ship-commander/sc3/internal/commander/worktree.go:39.77,41.16 2 0
github.com/ship-commander/sc3/internal/commander/worktree.go:41.16,43.17 2 0
github.com/ship-commander/sc3/internal/commander/worktree.go:43.17,45.4 1 0
github.com/ship-commander/sc3/internal/commander/worktree.go:46.3,46.13 1 0
github.com/ship-commander/sc3/internal/commander/worktree.go:49.2,52.8 1 0
github.com/ship-commander/sc3/internal/commander/worktree.go:55.95,60.2 1 1
github.com/ship-commander/sc3/internal/commander/worktree.go:63.91,64.14 1 1
github.com/ship-commander/sc3/internal/commander/worktree.go:64.14,66.3 1 0
github.com/ship-commander/sc3/internal/commander/worktree.go:67.2,67.41 1 1
github.com/ship-commander/sc3/internal/commander/worktree.go:67.41,69.3 1 0
github.com/ship-commander/sc3/internal/commander/worktree.go:70.2,70.21 1 1
github.com/ship-commander/sc3/internal/commander/worktree.go:70.21,72.3 1 0
github.com/ship-commander/sc3/internal/commander/worktree.go:74.2,79.84 5 1
github.com/ship-commander/sc3/internal/commander/worktree.go:79.84,81.3 1 0
github.com/ship-commander/sc3/internal/commander/worktree.go:83.2,83.26 1 1
github.com/ship-commander/sc3/internal/config/config.go:49.49,53.16 3 2
github.com/ship-commander/sc3/internal/config/config.go:53.16,55.3 1 0
github.com/ship-commander/sc3/internal/config/config.go:57.2,58.16 2 2
github.com/ship-commander/sc3/internal/config/config.go:58.16,60.3 1 0
github.com/ship-commander/sc3/internal/config/config.go:62.2,67.29 2 2
github.com/ship-commander/sc3/internal/config/config.go:67.29,68.53 1 4
github.com/ship-commander/sc3/internal/config/config.go:68.53,70.4 1 0
github.com/ship-commander/sc3/internal/config/config.go:73.2,74.18 2 2
github.com/ship-commander/sc3/internal/config/config.go:77.24,88.2 1 2
github.com/ship-commander/sc3/internal/config/config.go:90.54,91.16 1 4
github.com/ship-commander/sc3/internal/config/config.go:91.16,93.3 1 0
github.com/ship-commander/sc3/internal/config/config.go:95.2,95.41 1 4
github.com/ship-commander/sc3/internal/config/config.go:95.41,96.37 1 2
github.com/ship-commander/sc3/internal/config/config.go:96.37,98.4 1 2
github.com/ship-commander/sc3/internal/config/config.go:99.3,99.58 1 0
github.com/ship-commander/sc3/internal/config/config.go:102.2,103.59 2 2
github.com/ship-commander/sc3/internal/config/config.go:103.59,105.3 1 0
github.com/ship-commander/sc3/internal/config/config.go:107.2,107.35 1 2
github.com/ship-commander/sc3/internal/config/config.go:107.35,109.3 1 1
github.com/ship-commander/sc3/internal/config/config.go:110.2,110.33 1 2
github.com/ship-commander/sc3/internal/config/config.go:110.33,112.3 1 2
github.com/ship-commander/sc3/internal/config/config.go:113.2,113.29 1 2
github.com/ship-commander/sc3/internal/config/config.go:113.29,115.3 1 1
github.com/ship-commander/sc3/internal/config/config.go:116.2,116.33 1 2
github.com/ship-commander/sc3/internal/config/config.go:116.33,118.3 1 1
github.com/ship-commander/sc3/internal/config/config.go:119.2,119.42 1 2
github.com/ship-commander/sc3/internal/config/config.go:119.42,121.3 1 0
github.com/ship-commander/sc3/internal/config/config.go:123.2,123.33 1 2
github.com/ship-commander/sc3/internal/config/config.go:123.33,125.17 2 1
github.com/ship-commander/sc3/internal/config/config.go:125.17,127.4 1 0
github.com/ship-commander/sc3/internal/config/config.go:128.3,128.27 1 1
github.com/ship-commander/sc3/internal/config/config.go:130.2,130.38 1 2
github.com/ship-commander/sc3/internal/config/config.go:130.38,132.17 2 1
github.com/ship-commander/sc3/internal/config/config.go:132.17,134.4 1 0
github.com/ship-commander/sc3/internal/config/config.go:135.3,135.32 1 1
github.com/ship-commander/sc3/internal/config/config.go:137.2,137.32 1 2
github.com/ship-commander/sc3/internal/config/config.go:137.32,139.17 2 1
github.com/ship-commander/sc3/internal/config/config.go:139.17,141.4 1 0
github.com/ship-commander/sc3/internal/config/config.go:142.3,142.26 1 1
github.com/ship-commander/sc3/internal/config/config.go:145.2,145.12 1 2
github.com/ship-commander/sc3/internal/config/config.go:148.68,150.16 2 3
github.com/ship-commander/sc3/internal/config/config.go:150.16,152.3 1 0
github.com/ship-commander/sc3/internal/config/config.go:153.2,153.20 1 3
github.com/ship-commander/sc3/internal/commission/parser.go:19.71,21.16 2 1
github.com/ship-commander/sc3/internal/commission/parser.go:21.16,23.3 1 0
github.com/ship-commander/sc3/internal/commission/parser.go:25.2,26.51 2 1
github.com/ship-commander/sc3/internal/commission/parser.go:30.86,31.39 1 2
github.com/ship-commander/sc3/internal/commission/parser.go:31.39,33.3 1 0
github.com/ship-commander/sc3/internal/commission/parser.go:35.2,56.8 9 2
github.com/ship-commander/sc3/internal/commission/parser.go:59.62,62.82 2 2
github.com/ship-commander/sc3/internal/commission/parser.go:62.82,63.16 1 92
github.com/ship-commander/sc3/internal/commission/parser.go:63.16,65.4 1 46
github.com/ship-commander/sc3/internal/commission/parser.go:67.3,68.10 2 46
github.com/ship-commander/sc3/internal/commission/parser.go:68.10,70.4 1 44
github.com/ship-commander/sc3/internal/commission/parser.go:72.3,73.10 2 2
github.com/ship-commander/sc3/internal/commission/parser.go:73.10,75.4 1 0
github.com/ship-commander/sc3/internal/commission/parser.go:77.3,79.22 3 2
github.com/ship-commander/sc3/internal/commission/parser.go:79.22,81.4 1 0
github.com/ship-commander/sc3/internal/commission/parser.go:83.3,86.72 3 2
github.com/ship-commander/sc3/internal/commission/parser.go:86.72,88.11 2 3
github.com/ship-commander/sc3/internal/commission/parser.go:88.11,89.13 1 0
github.com/ship-commander/sc3/internal/commission/parser.go:92.4,94.18 3 3
github.com/ship-commander/sc3/internal/commission/parser.go:94.18,95.13 1 0
github.com/ship-commander/sc3/internal/commission/parser.go:98.4,99.19 2 3
github.com/ship-commander/sc3/internal/commission/parser.go:99.19,101.5 1 0
github.com/ship-commander/sc3/internal/commission/parser.go:103.4,107.6 1 3
github.com/ship-commander/sc3/internal/commission/parser.go:110.3,110.36 1 2
github.com/ship-commander/sc3/internal/commission/parser.go:113.2,113.17 1 2
github.com/ship-commander/sc3/internal/commission/parser.go:116.67,120.82 3 2
github.com/ship-commander/sc3/internal/commission/parser.go:120.82,121.16 1 152
github.com/ship-commander/sc3/internal/commission/parser.go:121.16,123.4 1 76
github.com/ship-commander/sc3/internal/commission/parser.go:125.3,126.41 2 76
github.com/ship-commander/sc3/internal/commission/parser.go:126.41,128.4 1 74
github.com/ship-commander/sc3/internal/commission/parser.go:130.3,131.24 2 2
github.com/ship-commander/sc3/internal/commission/parser.go:131.24,133.4 1 0
github.com/ship-commander/sc3/internal/commission/parser.go:135.3,141.36 3 2
github.com/ship-commander/sc3/internal/commission/parser.go:144.2,144.17 1 2
github.com/ship-commander/sc3/internal/commission/parser.go:147.69,150.82 2 2
github.com/ship-commander/sc3/internal/commission/parser.go:150.82,151.16 1 150
github.com/ship-commander/sc3/internal/commission/parser.go:151.16,153.4 1 75
github.com/ship-commander/sc3/internal/commission/parser.go:155.3,156.32 2 75
github.com/ship-commander/sc3/internal/commission/parser.go:156.32,158.4 1 70
github.com/ship-commander/sc3/internal/commission/parser.go:160.3,161.17 2 5
github.com/ship-commander/sc3/internal/commission/parser.go:161.17,163.4 1 5
github.com/ship-commander/sc3/internal/commission/parser.go:164.3,164.36 1 5
github.com/ship-commander/sc3/internal/commission/parser.go:167.2,167.15 1 2
github.com/ship-commander/sc3/internal/commission/parser.go:170.71,177.71 3 2
github.com/ship-commander/sc3/internal/commission/parser.go:177.71,178.68 1 11
github.com/ship-commander/sc3/internal/commission/parser.go:178.68,180.12 2 5
github.com/ship-commander/sc3/internal/commission/parser.go:183.3,184.10 2 6
github.com/ship-commander/sc3/internal/commission/parser.go:184.10,185.12 1 3
github.com/ship-commander/sc3/internal/commission/parser.go:188.3,188.25 1 3
github.com/ship-commander/sc3/internal/commission/parser.go:189.19,190.73 1 1
github.com/ship-commander/sc3/internal/commission/parser.go:191.23,192.79 1 1
github.com/ship-commander/sc3/internal/commission/parser.go:196.2,196.14 1 2
github.com/ship-commander/sc3/internal/commission/parser.go:199.59,201.75 2 5
github.com/ship-commander/sc3/internal/commission/parser.go:201.75,202.46 1 13
github.com/ship-commander/sc3/internal/commission/parser.go:202.46,203.12 1 0
github.com/ship-commander/sc3/internal/commission/parser.go:205.3,205.69 1 13
github.com/ship-commander/sc3/internal/commission/parser.go:207.2,207.14 1 5
github.com/ship-commander/sc3/internal/commission/parser.go:210.61,212.76 2 2
github.com/ship-commander/sc3/internal/commission/parser.go:212.76,214.10 2 3
github.com/ship-commander/sc3/internal/commission/parser.go:214.10,215.12 1 0
github.com/ship-commander/sc3/internal/commission/parser.go:217.3,218.17 2 3
github.com/ship-commander/sc3/internal/commission/parser.go:218.17,220.4 1 3
github.com/ship-commander/sc3/internal/commission/parser.go:222.2,222.14 1 2
github.com/ship-commander/sc3/internal/commission/parser.go:225.48,227.84 2 5
github.com/ship-commander/sc3/internal/commission/parser.go:227.84,228.15 1 30
github.com/ship-commander/sc3/internal/commission/parser.go:228.15,229.49 1 18
github.com/ship-commander/sc3/internal/commission/parser.go:229.49,232.5 2 2
github.com/ship-commander/sc3/internal/commission/parser.go:234.3,234.32 1 28
github.com/ship-commander/sc3/internal/commission/parser.go:236.2,236.20 1 5
github.com/ship-commander/sc3/internal/commission/parser.go:239.54,241.84 2 28
github.com/ship-commander/sc3/internal/commission/parser.go:241.84,242.16 1 166
github.com/ship-commander/sc3/internal/commission/parser.go:242.16,244.4 1 83
github.com/ship-commander/sc3/internal/commission/parser.go:246.3,246.32 1 83
github.com/ship-commander/sc3/internal/commission/parser.go:247.19,249.54 2 48
github.com/ship-commander/sc3/internal/commission/parser.go:249.54,251.5 1 0
github.com/ship-commander/sc3/internal/commission/parser.go:252.21,253.30 1 0
github.com/ship-commander/sc3/internal/commission/parser.go:256.3,256.32 1 83
github.com/ship-commander/sc3/internal/commission/parser.go:259.2,259.46 1 28
github.com/ship-commander/sc3/internal/commission/parser.go:262.43,264.2 1 35
github.com/ship-commander/sc3/internal/commission/parser.go:266.47,268.2 1 63
github.com/ship-commander/sc3/internal/commission/parser.go:270.54,272.2 1 2
github.com/ship-commander/sc3/internal/commission/parser.go:274.60,275.33 1 6
github.com/ship-commander/sc3/internal/commission/parser.go:275.33,277.34 2 11
github.com/ship-commander/sc3/internal/commission/parser.go:277.34,278.45 1 19
github.com/ship-commander/sc3/internal/commission/parser.go:278.45,280.5 1 5
github.com/ship-commander/sc3/internal/commission/parser.go:283.2,283.11 1 1
github.com/ship-commander/sc3/internal/commission/parser.go:286.47,287.38 1 9
github.com/ship-commander/sc3/internal/commission/parser.go:287.38,289.3 1 1
github.com/ship-commander/sc3/internal/commission/parser.go:290.2,290.40 1 8
github.com/ship-commander/sc3/internal/commission/persist.go:18.99,21.16 3 0
github.com/ship-commander/sc3/internal/commission/persist.go:21.16,23.3 1 0
github.com/ship-commander/sc3/internal/commission/persist.go:24.2,24.20 1 0
github.com/ship-commander/sc3/internal/commission/persist.go:28.75,30.2 1 0
github.com/ship-commander/sc3/internal/commission/persist.go:33.107,34.23 1 2
github.com/ship-commander/sc3/internal/commission/persist.go:34.23,36.3 1 0
github.com/ship-commander/sc3/internal/commission/persist.go:37.2,37.19 1 2
github.com/ship-commander/sc3/internal/commission/persist.go:37.19,39.3 1 0
github.com/ship-commander/sc3/internal/commission/persist.go:40.2,40.47 1 2
github.com/ship-commander/sc3/internal/commission/persist.go:40.47,42.3 1 0
github.com/ship-commander/sc3/internal/commission/persist.go:44.2,45.16 2 2
github.com/ship-commander/sc3/internal/commission/persist.go:45.16,47.3 1 0
github.com/ship-commander/sc3/internal/commission/persist.go:49.2,58.16 3 2
github.com/ship-commander/sc3/internal/commission/persist.go:58.16,60.3 1 0
github.com/ship-commander/sc3/internal/commission/persist.go:62.2,63.14 2 2
github.com/ship-commander/sc3/internal/commission/persist.go:63.14,65.3 1 1
github.com/ship-commander/sc3/internal/commission/persist.go:67.2,68.16 2 1
github.com/ship-commander/sc3/internal/commission/types.go:79.54,80.14 1 4
github.com/ship-commander/sc3/internal/commission/types.go:80.14,82.3 1 0
github.com/ship-commander/sc3/internal/commission/types.go:83.2,83.22 1 4
github.com/ship-commander/sc3/internal/commission/types.go:83.22,85.3 1 0
github.com/ship-commander/sc3/internal/commission/types.go:87.2,88.9 2 4
github.com/ship-commander/sc3/internal/commission/types.go:88.9,90.3 1 0
github.com/ship-commander/sc3/internal/commission/types.go:91.2,91.33 1 4
github.com/ship-commander/sc3/internal/commission/types.go:91.33,93.3 1 1
github.com/ship-commander/sc3/internal/commission/types.go:95.2,96.12 2 3
github.com/ship-commander/sc3/internal/demo/validator.go:40.32,42.2 1 10
github.com/ship-commander/sc3/internal/demo/validator.go:45.106,47.16 2 10
github.com/ship-commander/sc3/internal/demo/validator.go:47.16,49.3 1 0
github.com/ship-commander/sc3/internal/demo/validator.go:50.2,50.34 1 10
github.com/ship-commander/sc3/internal/demo/validator.go:50.34,52.3 1 0
github.com/ship-commander/sc3/internal/demo/validator.go:54.2,55.9 2 10
github.com/ship-commander/sc3/internal/demo/validator.go:55.9,57.3 1 1
github.com/ship-commander/sc3/internal/demo/validator.go:58.2,59.9 2 9
github.com/ship-commander/sc3/internal/demo/validator.go:59.9,61.3 1 0
github.com/ship-commander/sc3/internal/demo/validator.go:62.2,63.9 2 9
github.com/ship-commander/sc3/internal/demo/validator.go:63.9,65.3 1 2
github.com/ship-commander/sc3/internal/demo/validator.go:67.2,69.9 3 7
github.com/ship-commander/sc3/internal/demo/validator.go:69.9,71.3 1 1
github.com/ship-commander/sc3/internal/demo/validator.go:73.2,73.87 1 6
github.com/ship-commander/sc3/internal/demo/validator.go:76.60,82.2 1 7
github.com/ship-commander/sc3/internal/demo/validator.go:84.74,86.27 2 10
github.com/ship-commander/sc3/internal/demo/validator.go:86.27,88.3 1 0
github.com/ship-commander/sc3/internal/demo/validator.go:89.2,90.28 2 10
github.com/ship-commander/sc3/internal/demo/validator.go:90.28,92.3 1 0
github.com/ship-commander/sc3/internal/demo/validator.go:93.2,93.89 1 10
github.com/ship-commander/sc3/internal/demo/validator.go:93.89,95.3 1 0
github.com/ship-commander/sc3/internal/demo/validator.go:96.2,96.87 1 10
github.com/ship-commander/sc3/internal/demo/validator.go:99.71,102.16 2 10
github.com/ship-commander/sc3/internal/demo/validator.go:102.16,103.25 1 1
github.com/ship-commander/sc3/internal/demo/validator.go:103.25,105.4 1 1
github.com/ship-commander/sc3/internal/demo/validator.go:106.3,106.88 1 0
github.com/ship-commander/sc3/internal/demo/validator.go:108.2,108.46 1 9
github.com/ship-commander/sc3/internal/demo/validator.go:111.89,113.9 2 9
github.com/ship-commander/sc3/internal/demo/validator.go:113.9,115.3 1 0
github.com/ship-commander/sc3/internal/demo/validator.go:117.2,118.78 2 9
github.com/ship-commander/sc3/internal/demo/validator.go:118.78,120.3 1 0
github.com/ship-commander/sc3/internal/demo/validator.go:121.2,121.52 1 9
github.com/ship-commander/sc3/internal/demo/validator.go:124.119,126.37 2 9
github.com/ship-commander/sc3/internal/demo/validator.go:126.37,127.53 1 54
github.com/ship-commander/sc3/internal/demo/validator.go:127.53,129.4 1 1
github.com/ship-commander/sc3/internal/demo/validator.go:132.2,133.48 2 8
github.com/ship-commander/sc3/internal/demo/validator.go:133.48,135.3 1 1
github.com/ship-commander/sc3/internal/demo/validator.go:137.2,139.26 3 7
github.com/ship-commander/sc3/internal/demo/validator.go:139.26,141.3 1 0
github.com/ship-commander/sc3/internal/demo/validator.go:142.2,142.48 1 7
github.com/ship-commander/sc3/internal/demo/validator.go:142.48,144.3 1 0
github.com/ship-commander/sc3/internal/demo/validator.go:145.2,146.92 1 7
github.com/ship-commander/sc3/internal/demo/validator.go:146.92,152.3 1 0
github.com/ship-commander/sc3/internal/demo/validator.go:154.2,154.49 1 7
github.com/ship-commander/sc3/internal/demo/validator.go:157.114,159.9 2 7
github.com/ship-commander/sc3/internal/demo/validator.go:159.9,161.3 1 5
github.com/ship-commander/sc3/internal/demo/validator.go:163.2,164.24 2 2
github.com/ship-commander/sc3/internal/demo/validator.go:164.24,166.3 1 0
github.com/ship-commander/sc3/internal/demo/validator.go:168.2,168.35 1 2
github.com/ship-commander/sc3/internal/demo/validator.go:168.35,170.17 2 2
github.com/ship-commander/sc3/internal/demo/validator.go:170.17,172.4 1 0
github.com/ship-commander/sc3/internal/demo/validator.go:173.3,174.48 2 2
github.com/ship-commander/sc3/internal/demo/validator.go:174.48,175.26 1 1
github.com/ship-commander/sc3/internal/demo/validator.go:175.26,177.5 1 1
github.com/ship-commander/sc3/internal/demo/validator.go:178.4,178.100 1 0
github.com/ship-commander/sc3/internal/demo/validator.go:182.2,182.39 1 1
github.com/ship-commander/sc3/internal/demo/validator.go:190.20,195.24 4 6
github.com/ship-commander/sc3/internal/demo/validator.go:196.30,197.16 1 4
github.com/ship-commander/sc3/internal/demo/validator.go:197.16,199.4 1 1
github.com/ship-commander/sc3/internal/demo/validator.go:200.3,200.35 1 3
github.com/ship-commander/sc3/internal/demo/validator.go:200.35,202.4 1 1
github.com/ship-commander/sc3/internal/demo/validator.go:203.33,204.54 1 2
github.com/ship-commander/sc3/internal/demo/validator.go:204.54,206.4 1 1
github.com/ship-commander/sc3/internal/demo/validator.go:209.2,209.60 1 3
github.com/ship-commander/sc3/internal/demo/validator.go:212.63,215.61 3 9
github.com/ship-commander/sc3/internal/demo/validator.go:215.61,217.3 1 0
github.com/ship-commander/sc3/internal/demo/validator.go:219.2,219.40 1 9
github.com/ship-commander/sc3/internal/demo/validator.go:219.40,220.45 1 63
github.com/ship-commander/sc3/internal/demo/validator.go:220.45,224.4 3 9
github.com/ship-commander/sc3/internal/demo/validator.go:227.2,227.22 1 0
github.com/ship-commander/sc3/internal/demo/validator.go:230.76,232.9 2 69
github.com/ship-commander/sc3/internal/demo/validator.go:232.9,234.3 1 0
github.com/ship-commander/sc3/internal/demo/validator.go:235.2,236.9 2 69
github.com/ship-commander/sc3/internal/demo/validator.go:236.9,238.3 1 0
github.com/ship-commander/sc3/internal/demo/validator.go:239.2,240.19 2 69
github.com/ship-commander/sc3/internal/demo/validator.go:240.19,242.3 1 1
github.com/ship-commander/sc3/internal/demo/validator.go:243.2,243.22 1 68
github.com/ship-commander/sc3/internal/demo/validator.go:246.94,247.52 1 7
github.com/ship-commander/sc3/internal/demo/validator.go:247.52,249.3 1 7
github.com/ship-commander/sc3/internal/demo/validator.go:250.2,250.70 1 0
github.com/ship-commander/sc3/internal/demo/validator.go:253.60,255.2 1 7
github.com/ship-commander/sc3/internal/demo/validator.go:257.51,265.18 6 7
github.com/ship-commander/sc3/internal/demo/validator.go:265.18,266.24 1 17
github.com/ship-commander/sc3/internal/demo/validator.go:266.24,268.4 1 7
github.com/ship-commander/sc3/internal/demo/validator.go:269.3,269.78 1 10
github.com/ship-commander/sc3/internal/demo/validator.go:272.2,272.29 1 7
github.com/ship-commander/sc3/internal/demo/validator.go:272.29,274.41 2 67
github.com/ship-commander/sc3/internal/demo/validator.go:274.41,278.12 4 10
github.com/ship-commander/sc3/internal/demo/validator.go:280.3,280.24 1 57
github.com/ship-commander/sc3/internal/demo/validator.go:280.24,282.4 1 36
github.com/ship-commander/sc3/internal/demo/validator.go:284.2,286.17 2 7
github.com/ship-commander/sc3/internal/demo/validator.go:289.47,291.2 1 10
github.com/ship-commander/sc3/internal/demo/validator.go:293.70,296.2 2 18
github.com/ship-commander/sc3/internal/demo/validator.go:298.45,303.29 4 2
github.com/ship-commander/sc3/internal/demo/validator.go:303.29,305.96 2 2
github.com/ship-commander/sc3/internal/demo/validator.go:305.96,306.12 1 0
github.com/ship-commander/sc3/internal/demo/validator.go:309.3,310.22 2 2
github.com/ship-commander/sc3/internal/demo/validator.go:310.22,312.4 1 2
github.com/ship-commander/sc3/internal/demo/validator.go:315.2,315.13 1 2
github.com/ship-commander/sc3/internal/demo/validator.go:318.49,319.84 1 2
github.com/ship-commander/sc3/internal/demo/validator.go:319.84,321.3 1 2
github.com/ship-commander/sc3/internal/demo/validator.go:323.2,324.67 2 0
github.com/ship-commander/sc3/internal/demo/validator.go:324.67,325.59 1 0
github.com/ship-commander/sc3/internal/demo/validator.go:325.59,327.9 2 0
github.com/ship-commander/sc3/internal/demo/validator.go:330.2,330.39 1 0
github.com/ship-commander/sc3/internal/demo/validator.go:333.52,335.33 2 2
github.com/ship-commander/sc3/internal/demo/validator.go:335.33,337.3 1 0
github.com/ship-commander/sc3/internal/demo/validator.go:338.2,338.27 1 2
github.com/ship-commander/sc3/internal/demo/validator.go:338.27,340.3 1 0
github.com/ship-commander/sc3/internal/demo/validator.go:341.2,341.78 1 2
github.com/ship-commander/sc3/internal/demo/validator.go:341.78,343.3 1 0
github.com/ship-commander/sc3/internal/demo/validator.go:344.2,344.19 1 2
github.com/ship-commander/sc3/internal/events/bus.go:70.38,71.32 1 2
github.com/ship-commander/sc3/internal/events/bus.go:71.32,72.15 1 2
github.com/ship-commander/sc3/internal/events/bus.go:72.15,74.4 1 2
github.com/ship-commander/sc3/internal/events/bus.go:79.39,80.32 1 5
github.com/ship-commander/sc3/internal/events/bus.go:80.32,81.20 1 5
github.com/ship-commander/sc3/internal/events/bus.go:81.20,83.4 1 5
github.com/ship-commander/sc3/internal/events/bus.go:103.42,110.33 2 5
github.com/ship-commander/sc3/internal/events/bus.go:110.33,112.3 1 7
github.com/ship-commander/sc3/internal/events/bus.go:113.2,113.12 1 5
github.com/ship-commander/sc3/internal/events/bus.go:117.68,119.44 2 14
github.com/ship-commander/sc3/internal/events/bus.go:119.44,121.3 1 0
github.com/ship-commander/sc3/internal/events/bus.go:122.2,128.28 5 14
github.com/ship-commander/sc3/internal/events/bus.go:132.53,133.20 1 2
github.com/ship-commander/sc3/internal/events/bus.go:133.20,135.3 1 0
github.com/ship-commander/sc3/internal/events/bus.go:136.2,142.28 5 2
github.com/ship-commander/sc3/internal/events/bus.go:146.44,147.30 1 2007
github.com/ship-commander/sc3/internal/events/bus.go:147.30,149.3 1 2007
github.com/ship-commander/sc3/internal/events/bus.go:151.2,152.28 2 2007
github.com/ship-commander/sc3/internal/events/bus.go:152.28,154.3 1 10076
github.com/ship-commander/sc3/internal/events/bus.go:155.2,155.31 1 2007
github.com/ship-commander/sc3/internal/events/bus.go:155.31,157.3 1 2002
github.com/ship-commander/sc3/internal/events/bus.go:160.92,171.2 7 2007
github.com/ship-commander/sc3/internal/events/bus.go:173.61,174.9 1 12078
github.com/ship-commander/sc3/internal/events/bus.go:175.23,175.23 0 12077
github.com/ship-commander/sc3/internal/events/bus.go:176.10,183.4 1 1
github.com/ship-commander/sc3/internal/events/bus.go:187.51,197.2 5 16
github.com/ship-commander/sc3/internal/events/bus.go:199.65,200.28 1 16
github.com/ship-commander/sc3/internal/events/bus.go:200.28,202.3 1 12077
github.com/ship-commander/sc3/internal/gates/evidence.go:21.77,22.19 1 3
github.com/ship-commander/sc3/internal/gates/evidence.go:22.19,24.3 1 1
github.com/ship-commander/sc3/internal/gates/evidence.go:25.2,25.49 1 2
github.com/ship-commander/sc3/internal/gates/evidence.go:29.111,31.21 2 2
github.com/ship-commander/sc3/internal/gates/evidence.go:31.21,33.3 1 0
github.com/ship-commander/sc3/internal/gates/evidence.go:34.2,35.20 2 2
github.com/ship-commander/sc3/internal/gates/evidence.go:35.20,37.3 1 0
github.com/ship-commander/sc3/internal/gates/evidence.go:38.2,38.25 1 2
github.com/ship-commander/sc3/internal/gates/evidence.go:38.25,40.3 1 0
github.com/ship-commander/sc3/internal/gates/evidence.go:42.2,51.34 3 2
github.com/ship-commander/sc3/internal/gates/evidence.go:51.34,52.66 1 6
github.com/ship-commander/sc3/internal/gates/evidence.go:52.66,54.4 1 1
github.com/ship-commander/sc3/internal/gates/evidence.go:56.2,56.12 1 1
github.com/ship-commander/sc3/internal/gates/executor.go:30.26,32.19 2 17
github.com/ship-commander/sc3/internal/gates/executor.go:32.19,34.3 1 0
github.com/ship-commander/sc3/internal/gates/executor.go:35.2,35.38 1 17
github.com/ship-commander/sc3/internal/gates/executor.go:35.38,37.3 1 0
github.com/ship-commander/sc3/internal/gates/executor.go:38.2,38.18 1 17
github.com/ship-commander/sc3/internal/gates/executor.go:38.18,40.3 1 0
github.com/ship-commander/sc3/internal/gates/executor.go:41.2,41.27 1 17
github.com/ship-commander/sc3/internal/gates/executor.go:41.27,43.3 1 0
github.com/ship-commander/sc3/internal/gates/executor.go:45.2,60.16 12 17
github.com/ship-commander/sc3/internal/gates/executor.go:60.16,61.56 1 8
github.com/ship-commander/sc3/internal/gates/executor.go:61.56,64.4 2 1
github.com/ship-commander/sc3/internal/gates/executor.go:64.9,66.32 2 7
github.com/ship-commander/sc3/internal/gates/executor.go:66.32,68.5 1 7
github.com/ship-commander/sc3/internal/gates/executor.go:68.10,68.38 1 0
github.com/ship-commander/sc3/internal/gates/executor.go:68.38,70.5 1 0
github.com/ship-commander/sc3/internal/gates/executor.go:70.10,72.5 1 0
github.com/ship-commander/sc3/internal/gates/executor.go:76.2,80.8 1 17
github.com/ship-commander/sc3/internal/gates/executor.go:89.47,90.14 1 38
github.com/ship-commander/sc3/internal/gates/executor.go:90.14,92.3 1 0
github.com/ship-commander/sc3/internal/gates/executor.go:93.2,96.3 1 38
github.com/ship-commander/sc3/internal/gates/executor.go:99.54,100.17 1 41
github.com/ship-commander/sc3/internal/gates/executor.go:100.17,102.3 1 17
github.com/ship-commander/sc3/internal/gates/executor.go:103.2,105.19 3 24
github.com/ship-commander/sc3/internal/gates/executor.go:105.19,106.26 1 23
github.com/ship-commander/sc3/internal/gates/executor.go:106.26,108.4 1 22
github.com/ship-commander/sc3/internal/gates/executor.go:108.9,111.4 2 1
github.com/ship-commander/sc3/internal/gates/executor.go:112.8,114.3 1 1
github.com/ship-commander/sc3/internal/gates/executor.go:115.2,115.21 1 24
github.com/ship-commander/sc3/internal/gates/executor.go:118.47,120.2 1 35
github.com/ship-commander/sc3/internal/gates/executor.go:122.41,123.18 1 39
github.com/ship-commander/sc3/internal/gates/executor.go:123.18,125.3 1 37
github.com/ship-commander/sc3/internal/gates/executor.go:126.2,127.32 2 2
github.com/ship-commander/sc3/internal/gates/executor.go:127.32,130.3 2 2
github.com/ship-commander/sc3/internal/gates/executor.go:131.2,131.23 1 0
github.com/ship-commander/sc3/internal/gates/gate.go:109.20,110.21 1 16
github.com/ship-commander/sc3/internal/gates/gate.go:110.21,112.3 1 1
github.com/ship-commander/sc3/internal/gates/gate.go:113.2,113.21 1 15
github.com/ship-commander/sc3/internal/gates/gate.go:113.21,115.3 1 1
github.com/ship-commander/sc3/internal/gates/gate.go:117.2,118.18 2 14
github.com/ship-commander/sc3/internal/gates/gate.go:118.18,120.3 1 9
github.com/ship-commander/sc3/internal/gates/gate.go:121.2,122.22 2 14
github.com/ship-commander/sc3/internal/gates/gate.go:122.22,124.3 1 13
github.com/ship-commander/sc3/internal/gates/gate.go:125.2,126.23 2 14
github.com/ship-commander/sc3/internal/gates/gate.go:126.23,128.3 1 14
github.com/ship-commander/sc3/internal/gates/gate.go:130.2,131.35 2 14
github.com/ship-commander/sc3/internal/gates/gate.go:131.35,133.3 1 0
github.com/ship-commander/sc3/internal/gates/gate.go:135.2,147.8 1 14
github.com/ship-commander/sc3/internal/gates/gate.go:156.20,158.2 1 14
github.com/ship-commander/sc3/internal/gates/gate.go:161.115,162.14 1 15
github.com/ship-commander/sc3/internal/gates/gate.go:162.14,164.3 1 0
github.com/ship-commander/sc3/internal/gates/gate.go:165.2,168.20 4 15
github.com/ship-commander/sc3/internal/gates/gate.go:168.20,170.3 1 0
github.com/ship-commander/sc3/internal/gates/gate.go:171.2,171.19 1 15
github.com/ship-commander/sc3/internal/gates/gate.go:171.19,173.3 1 0
github.com/ship-commander/sc3/internal/gates/gate.go:174.2,174.21 1 15
github.com/ship-commander/sc3/internal/gates/gate.go:174.21,176.3 1 0
github.com/ship-commander/sc3/internal/gates/gate.go:178.2,179.16 2 15
github.com/ship-commander/sc3/internal/gates/gate.go:179.16,181.3 1 1
github.com/ship-commander/sc3/internal/gates/gate.go:183.2,188.24 2 14
github.com/ship-commander/sc3/internal/gates/gate.go:188.24,190.24 2 1
github.com/ship-commander/sc3/internal/gates/gate.go:190.24,192.4 1 0
github.com/ship-commander/sc3/internal/gates/gate.go:193.3,193.33 1 1
github.com/ship-commander/sc3/internal/gates/gate.go:193.33,196.4 2 1
github.com/ship-commander/sc3/internal/gates/gate.go:199.2,209.92 9 14
github.com/ship-commander/sc3/internal/gates/gate.go:209.92,211.3 1 1
github.com/ship-commander/sc3/internal/gates/gate.go:212.2,212.19 1 13
github.com/ship-commander/sc3/internal/gates/gate.go:212.19,214.3 1 0
github.com/ship-commander/sc3/internal/gates/gate.go:216.2,216.21 1 13
github.com/ship-commander/sc3/internal/gates/gate.go:219.101,220.30 1 15
github.com/ship-commander/sc3/internal/gates/gate.go:220.30,222.17 2 1
github.com/ship-commander/sc3/internal/gates/gate.go:222.17,224.4 1 0
github.com/ship-commander/sc3/internal/gates/gate.go:225.3,225.24 1 1
github.com/ship-commander/sc3/internal/gates/gate.go:225.24,227.4 1 1
github.com/ship-commander/sc3/internal/gates/gate.go:230.2,231.23 2 14
github.com/ship-commander/sc3/internal/gates/gate.go:231.23,233.3 1 12
github.com/ship-commander/sc3/internal/gates/gate.go:234.2,234.41 1 2
github.com/ship-commander/sc3/internal/gates/gate.go:234.41,236.3 1 1
github.com/ship-commander/sc3/internal/gates/gate.go:237.2,237.77 1 1
github.com/ship-commander/sc3/internal/gates/gate.go:240.116,241.18 1 14
github.com/ship-commander/sc3/internal/gates/gate.go:242.25,243.52 1 4
github.com/ship-commander/sc3/internal/gates/gate.go:244.27,245.54 1 5
github.com/ship-commander/sc3/internal/gates/gate.go:246.30,247.57 1 2
github.com/ship-commander/sc3/internal/gates/gate.go:248.31,249.58 1 3
github.com/ship-commander/sc3/internal/gates/gate.go:250.10,251.72 1 0
github.com/ship-commander/sc3/internal/gates/gate.go:255.111,257.16 2 4
github.com/ship-commander/sc3/internal/gates/gate.go:257.16,259.3 1 0
github.com/ship-commander/sc3/internal/gates/gate.go:261.2,262.9 2 4
github.com/ship-commander/sc3/internal/gates/gate.go:263.30,264.46 1 1
github.com/ship-commander/sc3/internal/gates/gate.go:265.21,266.46 1 1
github.com/ship-commander/sc3/internal/gates/gate.go:267.30,268.40 1 1
github.com/ship-commander/sc3/internal/gates/gate.go:271.2,276.8 1 4
github.com/ship-commander/sc3/internal/gates/gate.go:279.113,281.16 2 5
github.com/ship-commander/sc3/internal/gates/gate.go:281.16,283.3 1 0
github.com/ship-commander/sc3/internal/gates/gate.go:284.2,284.19 1 5
github.com/ship-commander/sc3/internal/gates/gate.go:284.19,291.3 1 1
github.com/ship-commander/sc3/internal/gates/gate.go:293.2,297.21 5 4
github.com/ship-commander/sc3/internal/gates/gate.go:297.21,299.3 1 0
github.com/ship-commander/sc3/internal/gates/gate.go:300.2,300.24 1 4
github.com/ship-commander/sc3/internal/gates/gate.go:300.24,307.3 1 1
github.com/ship-commander/sc3/internal/gates/gate.go:309.2,314.8 1 3
github.com/ship-commander/sc3/internal/gates/gate.go:317.116,319.16 2 2
github.com/ship-commander/sc3/internal/gates/gate.go:319.16,321.3 1 0
github.com/ship-commander/sc3/internal/gates/gate.go:323.2,324.19 2 2
github.com/ship-commander/sc3/internal/gates/gate.go:324.19,326.3 1 2
github.com/ship-commander/sc3/internal/gates/gate.go:327.2,332.8 1 2
github.com/ship-commander/sc3/internal/gates/gate.go:335.117,336.24 1 3
github.com/ship-commander/sc3/internal/gates/gate.go:336.24,343.3 1 1
github.com/ship-commander/sc3/internal/gates/gate.go:345.2,346.16 2 2
github.com/ship-commander/sc3/internal/gates/gate.go:346.16,348.3 1 0
github.com/ship-commander/sc3/internal/gates/gate.go:349.2,350.19 2 2
github.com/ship-commander/sc3/internal/gates/gate.go:350.19,352.3 1 1
github.com/ship-commander/sc3/internal/gates/gate.go:353.2,358.8 1 2
github.com/ship-commander/sc3/internal/gates/gate.go:365.31,367.24 2 4
github.com/ship-commander/sc3/internal/gates/gate.go:367.24,369.3 1 3
github.com/ship-commander/sc3/internal/gates/gate.go:371.2,374.35 4 1
github.com/ship-commander/sc3/internal/gates/gate.go:374.35,375.44 1 1
github.com/ship-commander/sc3/internal/gates/gate.go:375.44,377.18 2 3
github.com/ship-commander/sc3/internal/gates/gate.go:377.18,379.5 1 0
github.com/ship-commander/sc3/internal/gates/gate.go:380.4,384.28 5 3
github.com/ship-commander/sc3/internal/gates/gate.go:384.28,386.5 1 1
github.com/ship-commander/sc3/internal/gates/gate.go:389.2,389.18 1 1
github.com/ship-commander/sc3/internal/gates/gate.go:389.18,390.47 1 1
github.com/ship-commander/sc3/internal/gates/gate.go:390.47,392.4 1 0
github.com/ship-commander/sc3/internal/gates/gate.go:393.3,393.24 1 1
github.com/ship-commander/sc3/internal/gates/gate.go:393.24,395.4 1 1
github.com/ship-commander/sc3/internal/gates/gate.go:396.3,396.37 1 1
github.com/ship-commander/sc3/internal/gates/gate.go:398.2,398.25 1 0
github.com/ship-commander/sc3/internal/gates/gate.go:405.39,410.35 4 13
github.com/ship-commander/sc3/internal/gates/gate.go:410.35,412.17 2 14
github.com/ship-commander/sc3/internal/gates/gate.go:412.17,414.4 1 0
github.com/ship-commander/sc3/internal/gates/gate.go:415.3,418.45 4 14
github.com/ship-commander/sc3/internal/gates/gate.go:418.45,420.4 1 6
github.com/ship-commander/sc3/internal/gates/gate.go:421.3,421.27 1 14
github.com/ship-commander/sc3/internal/gates/gate.go:421.27,422.9 1 7
github.com/ship-commander/sc3/internal/gates/gate.go:425.2,425.77 1 13
github.com/ship-commander/sc3/internal/gates/gate.go:428.62,435.2 5 14
github.com/ship-commander/sc3/internal/gates/gate.go:437.72,440.24 3 14
github.com/ship-commander/sc3/internal/gates/gate.go:440.24,442.3 1 42
github.com/ship-commander/sc3/internal/gates/gate.go:443.2,445.35 2 14
github.com/ship-commander/sc3/internal/gates/gate.go:445.35,447.28 2 15
github.com/ship-commander/sc3/internal/gates/gate.go:447.28,449.4 1 45
github.com/ship-commander/sc3/internal/gates/gate.go:450.3,450.30 1 15
github.com/ship-commander/sc3/internal/gates/gate.go:452.2,452.12 1 14
github.com/ship-commander/sc3/internal/gates/gate.go:455.46,457.15 2 1
github.com/ship-commander/sc3/internal/gates/gate.go:457.15,459.3 1 0
github.com/ship-commander/sc3/internal/gates/gate.go:460.2,460.64 1 1
github.com/ship-commander/sc3/internal/gates/gate.go:460.64,462.3 1 0
github.com/ship-commander/sc3/internal/gates/gate.go:463.2,463.24 1 1
github.com/ship-commander/sc3/internal/gates/gate.go:466.73,468.18 2 14
github.com/ship-commander/sc3/internal/gates/gate.go:468.18,470.3 1 6
github.com/ship-commander/sc3/internal/gates/gate.go:472.2,472.114 1 8
github.com/ship-commander/sc3/internal/gates/gate.go:472.114,473.57 1 5
github.com/ship-commander/sc3/internal/gates/gate.go:473.57,475.4 1 1
github.com/ship-commander/sc3/internal/gates/gate.go:477.2,477.35 1 7
github.com/ship-commander/sc3/internal/gates/gate.go:480.50,481.16 1 8
github.com/ship-commander/sc3/internal/gates/gate.go:481.16,483.3 1 0
github.com/ship-commander/sc3/internal/gates/gate.go:484.2,484.25 1 8
github.com/ship-commander/sc3/internal/gates/gate.go:484.25,486.3 1 8
github.com/ship-commander/sc3/internal/gates/gate.go:487.2,487.16 1 0
github.com/ship-commander/sc3/internal/gates/gate.go:487.16,489.3 1 0
github.com/ship-commander/sc3/internal/gates/gate.go:490.2,490.32 1 0
github.com/ship-commander/sc3/internal/gates/gate.go:493.45,494.51 1 5
github.com/ship-commander/sc3/internal/gates/gate.go:494.51,496.20 2 8
github.com/ship-commander/sc3/internal/gates/gate.go:496.20,497.12 1 0
github.com/ship-commander/sc3/internal/gates/gate.go:499.3,501.40 1 8
github.com/ship-commander/sc3/internal/gates/gate.go:501.40,503.4 1 1
github.com/ship-commander/sc3/internal/gates/gate.go:505.2,505.11 1 4
github.com/ship-commander/sc3/internal/gates/gate.go:508.41,517.35 3 4
github.com/ship-commander/sc3/internal/gates/gate.go:517.35,518.39 1 16
github.com/ship-commander/sc3/internal/gates/gate.go:518.39,520.4 1 1
github.com/ship-commander/sc3/internal/gates/gate.go:522.2,522.14 1 3
github.com/ship-commander/sc3/internal/gates/gate.go:525.41,526.43 1 2
github.com/ship-commander/sc3/internal/gates/gate.go:526.43,528.3 1 1
github.com/ship-commander/sc3/internal/gates/gate.go:529.2,529.51 1 1
github.com/ship-commander/sc3/internal/gates/gate.go:529.51,531.41 2 1
github.com/ship-commander/sc3/internal/gates/gate.go:531.41,533.4 1 0
github.com/ship-commander/sc3/internal/gates/gate.go:535.2,535.14 1 1
github.com/ship-commander/sc3/internal/gates/gate.go:538.66,539.18 1 14
github.com/ship-commander/sc3/internal/gates/gate.go:539.18,541.3 1 1
github.com/ship-commander/sc3/internal/gates/gate.go:542.2,543.32 2 13
github.com/ship-commander/sc3/internal/gates/gate.go:543.32,545.3 1 13
github.com/ship-commander/sc3/internal/gates/gate.go:546.2,546.12 1 13
github.com/ship-commander/sc3/internal/gates/gate.go:549.49,552.35 3 19
github.com/ship-commander/sc3/internal/gates/gate.go:552.35,554.20 2 16
github.com/ship-commander/sc3/internal/gates/gate.go:554.20,555.12 1 0
github.com/ship-commander/sc3/internal/gates/gate.go:557.3,557.41 1 16
github.com/ship-commander/sc3/internal/gates/gate.go:557.41,558.12 1 0
github.com/ship-commander/sc3/internal/gates/gate.go:560.3,561.29 2 16
github.com/ship-commander/sc3/internal/gates/gate.go:563.2,563.12 1 19
github.com/ship-commander/sc3/internal/gates/gate.go:566.56,569.69 3 4
github.com/ship-commander/sc3/internal/gates/gate.go:569.69,571.3 1 0
github.com/ship-commander/sc3/internal/gates/gate.go:572.2,573.43 2 4
github.com/ship-commander/sc3/internal/gates/gate.go:576.51,583.2 1 0
github.com/ship-commander/sc3/internal/logging/logger.go:21.55,23.16 2 1
github.com/ship-commander/sc3/internal/logging/logger.go:23.16,25.3 1 0
github.com/ship-commander/sc3/internal/logging/logger.go:27.2,28.51 2 1
github.com/ship-commander/sc3/internal/logging/logger.go:28.51,30.3 1 0
github.com/ship-commander/sc3/internal/logging/logger.go:32.2,35.16 3 1
github.com/ship-commander/sc3/internal/logging/logger.go:35.16,37.3 1 0
github.com/ship-commander/sc3/internal/logging/logger.go:39.2,53.8 5 1
github.com/ship-commander/sc3/internal/logging/logger.go:57.39,58.31 1 1
github.com/ship-commander/sc3/internal/logging/logger.go:58.31,60.3 1 0
github.com/ship-commander/sc3/internal/logging/logger.go:61.2,61.23 1 1
github.com/ship-commander/sc3/internal/logging/logger.go:65.39,66.14 1 1
github.com/ship-commander/sc3/internal/logging/logger.go:66.14,68.3 1 0
github.com/ship-commander/sc3/internal/logging/logger.go:69.2,69.15 1 1
github.com/ship-commander/sc3/internal/protocol/protocol.go:85.95,86.18 1 5
github.com/ship-commander/sc3/internal/protocol/protocol.go:86.18,88.3 1 0
github.com/ship-commander/sc3/internal/protocol/protocol.go:89.2,89.16 1 5
github.com/ship-commander/sc3/internal/protocol/protocol.go:89.16,91.3 1 0
github.com/ship-commander/sc3/internal/protocol/protocol.go:92.2,92.23 1 5
github.com/ship-commander/sc3/internal/protocol/protocol.go:92.23,94.3 1 0
github.com/ship-commander/sc3/internal/protocol/protocol.go:96.2,101.8 1 5
github.com/ship-commander/sc3/internal/protocol/protocol.go:105.92,106.14 1 4
github.com/ship-commander/sc3/internal/protocol/protocol.go:106.14,108.3 1 0
github.com/ship-commander/sc3/internal/protocol/protocol.go:110.2,111.16 2 4
github.com/ship-commander/sc3/internal/protocol/protocol.go:111.16,113.3 1 0
github.com/ship-commander/sc3/internal/protocol/protocol.go:114.2,114.50 1 4
github.com/ship-commander/sc3/internal/protocol/protocol.go:114.50,116.3 1 2
github.com/ship-commander/sc3/internal/protocol/protocol.go:117.2,117.56 1 2
github.com/ship-commander/sc3/internal/protocol/protocol.go:117.56,119.3 1 0
github.com/ship-commander/sc3/internal/protocol/protocol.go:121.2,130.24 2 2
github.com/ship-commander/sc3/internal/protocol/protocol.go:140.27,141.14 1 5
github.com/ship-commander/sc3/internal/protocol/protocol.go:141.14,143.3 1 0
github.com/ship-commander/sc3/internal/protocol/protocol.go:144.2,147.21 4 5
github.com/ship-commander/sc3/internal/protocol/protocol.go:147.21,149.3 1 1
github.com/ship-commander/sc3/internal/protocol/protocol.go:150.2,150.16 1 4
github.com/ship-commander/sc3/internal/protocol/protocol.go:150.16,152.3 1 1
github.com/ship-commander/sc3/internal/protocol/protocol.go:153.2,153.21 1 3
github.com/ship-commander/sc3/internal/protocol/protocol.go:153.21,155.3 1 1
github.com/ship-commander/sc3/internal/protocol/protocol.go:156.2,156.18 1 2
github.com/ship-commander/sc3/internal/protocol/protocol.go:156.18,158.3 1 0
github.com/ship-commander/sc3/internal/protocol/protocol.go:160.2,163.80 3 2
github.com/ship-commander/sc3/internal/protocol/protocol.go:163.80,165.3 1 0
github.com/ship-commander/sc3/internal/protocol/protocol.go:165.8,165.25 1 2
github.com/ship-commander/sc3/internal/protocol/protocol.go:165.25,167.3 1 0
github.com/ship-commander/sc3/internal/protocol/protocol.go:169.2,172.6 3 2
github.com/ship-commander/sc3/internal/protocol/protocol.go:172.6,173.10 1 22
github.com/ship-commander/sc3/internal/protocol/protocol.go:174.25,190.111 3 1
github.com/ship-commander/sc3/internal/protocol/protocol.go:191.19,193.18 2 21
github.com/ship-commander/sc3/internal/protocol/protocol.go:193.18,195.5 1 0
github.com/ship-commander/sc3/internal/protocol/protocol.go:196.4,196.20 1 21
github.com/ship-commander/sc3/internal/protocol/protocol.go:196.20,198.5 1 1
github.com/ship-commander/sc3/internal/protocol/protocol.go:208.27,210.16 2 23
github.com/ship-commander/sc3/internal/protocol/protocol.go:210.16,212.3 1 0
github.com/ship-commander/sc3/internal/protocol/protocol.go:214.2,214.40 1 23
github.com/ship-commander/sc3/internal/protocol/protocol.go:214.40,216.43 2 1
github.com/ship-commander/sc3/internal/protocol/protocol.go:216.43,218.4 1 1
github.com/ship-commander/sc3/internal/protocol/protocol.go:220.2,220.17 1 22
github.com/ship-commander/sc3/internal/protocol/protocol.go:223.80,225.33 2 4
github.com/ship-commander/sc3/internal/protocol/protocol.go:225.33,227.3 1 3
github.com/ship-commander/sc3/internal/protocol/protocol.go:228.2,232.30 5 4
github.com/ship-commander/sc3/internal/protocol/protocol.go:232.30,234.3 1 4
github.com/ship-commander/sc3/internal/protocol/protocol.go:235.2,235.29 1 4
github.com/ship-commander/sc3/internal/protocol/protocol.go:235.29,237.3 1 0
github.com/ship-commander/sc3/internal/protocol/protocol.go:238.2,238.19 1 4
github.com/ship-commander/sc3/internal/protocol/protocol.go:241.47,242.46 1 4
github.com/ship-commander/sc3/internal/protocol/protocol.go:242.46,244.3 1 1
github.com/ship-commander/sc3/internal/protocol/protocol.go:245.2,245.34 1 3
github.com/ship-commander/sc3/internal/protocol/protocol.go:245.34,247.3 1 0
github.com/ship-commander/sc3/internal/protocol/protocol.go:248.2,248.27 1 3
github.com/ship-commander/sc3/internal/protocol/protocol.go:248.27,250.3 1 0
github.com/ship-commander/sc3/internal/protocol/protocol.go:251.2,251.30 1 3
github.com/ship-commander/sc3/internal/protocol/protocol.go:251.30,253.3 1 0
github.com/ship-commander/sc3/internal/protocol/protocol.go:254.2,254.32 1 3
github.com/ship-commander/sc3/internal/protocol/protocol.go:254.32,256.3 1 0
github.com/ship-commander/sc3/internal/protocol/protocol.go:257.2,257.39 1 3
github.com/ship-commander/sc3/internal/protocol/protocol.go:257.39,258.23 1 3
github.com/ship-commander/sc3/internal/protocol/protocol.go:258.23,260.4 1 0
github.com/ship-commander/sc3/internal/protocol/protocol.go:261.3,261.26 1 3
github.com/ship-commander/sc3/internal/protocol/protocol.go:261.26,263.4 1 0
github.com/ship-commander/sc3/internal/protocol/protocol.go:264.3,265.10 2 3
github.com/ship-commander/sc3/internal/protocol/protocol.go:265.10,267.4 1 0
github.com/ship-commander/sc3/internal/protocol/protocol.go:268.3,268.39 1 3
github.com/ship-commander/sc3/internal/protocol/protocol.go:268.39,270.4 1 1
github.com/ship-commander/sc3/internal/protocol/protocol.go:272.2,272.12 1 2
github.com/ship-commander/sc3/internal/protocol/protocol.go:275.41,276.15 1 3
github.com/ship-commander/sc3/internal/protocol/protocol.go:277.74,278.14 1 3
github.com/ship-commander/sc3/internal/protocol/protocol.go:279.10,280.15 1 0
github.com/ship-commander/sc3/internal/protocol/protocol.go:284.46,285.34 1 3
github.com/ship-commander/sc3/internal/protocol/protocol.go:286.107,287.14 1 2
github.com/ship-commander/sc3/internal/protocol/protocol.go:288.10,289.15 1 1
github.com/ship-commander/sc3/internal/protocol/protocol.go:293.76,294.106 1 1
github.com/ship-commander/sc3/internal/protocol/protocol.go:294.106,296.3 1 0
github.com/ship-commander/sc3/internal/protocol/protocol.go:298.2,298.84 1 1
github.com/ship-commander/sc3/internal/protocol/protocol.go:298.84,300.3 1 0
github.com/ship-commander/sc3/internal/protocol/protocol.go:302.2,302.39 1 1
github.com/ship-commander/sc3/internal/protocol/protocol.go:302.39,304.3 1 0
github.com/ship-commander/sc3/internal/protocol/protocol.go:305.2,306.9 2 1
github.com/ship-commander/sc3/internal/protocol/protocol.go:306.9,308.3 1 0
github.com/ship-commander/sc3/internal/protocol/protocol.go:309.2,309.89 1 1
github.com/ship-commander/sc3/internal/protocol/protocol.go:312.63,314.59 2 4
github.com/ship-commander/sc3/internal/protocol/protocol.go:314.59,316.3 1 0
github.com/ship-commander/sc3/internal/protocol/protocol.go:318.2,318.85 1 4
github.com/ship-commander/sc3/internal/protocol/protocol.go:318.85,320.10 2 4
github.com/ship-commander/sc3/internal/protocol/protocol.go:320.10,321.12 1 0
github.com/ship-commander/sc3/internal/protocol/protocol.go:323.3,324.10 2 4
github.com/ship-commander/sc3/internal/protocol/protocol.go:324.10,325.12 1 0
github.com/ship-commander/sc3/internal/protocol/protocol.go:327.3,328.18 2 4
github.com/ship-commander/sc3/internal/protocol/protocol.go:328.18,329.12 1 0
github.com/ship-commander/sc3/internal/protocol/protocol.go:331.3,331.21 1 4
github.com/ship-commander/sc3/internal/protocol/protocol.go:333.2,333.18 1 0
github.com/ship-commander/sc3/internal/protocol/store.go:23.40,28.2 1 6
github.com/ship-commander/sc3/internal/protocol/store.go:31.78,38.2 5 3
github.com/ship-commander/sc3/internal/protocol/store.go:41.101,43.21 2 25
github.com/ship-commander/sc3/internal/protocol/store.go:43.21,45.3 1 0
github.com/ship-commander/sc3/internal/protocol/store.go:47.2,53.17 6 25
github.com/ship-commander/sc3/internal/protocol/store.go:67.61,68.19 1 4
github.com/ship-commander/sc3/internal/protocol/store.go:68.19,70.3 1 1
github.com/ship-commander/sc3/internal/protocol/store.go:71.2,71.41 1 3
github.com/ship-commander/sc3/internal/protocol/store.go:75.75,77.21 2 2
github.com/ship-commander/sc3/internal/protocol/store.go:77.21,79.3 1 0
github.com/ship-commander/sc3/internal/protocol/store.go:80.2,81.16 2 2
github.com/ship-commander/sc3/internal/protocol/store.go:81.16,83.3 1 0
github.com/ship-commander/sc3/internal/protocol/store.go:84.2,84.91 1 2
github.com/ship-commander/sc3/internal/protocol/store.go:84.91,86.3 1 1
github.com/ship-commander/sc3/internal/protocol/store.go:87.2,87.12 1 1
github.com/ship-commander/sc3/internal/protocol/store.go:91.98,93.21 2 2
github.com/ship-commander/sc3/internal/protocol/store.go:93.21,95.3 1 0
github.com/ship-commander/sc3/internal/protocol/store.go:97.2,98.16 2 2
github.com/ship-commander/sc3/internal/protocol/store.go:98.16,100.3 1 0
github.com/ship-commander/sc3/internal/protocol/store.go:102.2,103.40 2 2
github.com/ship-commander/sc3/internal/protocol/store.go:103.40,105.53 2 3
github.com/ship-commander/sc3/internal/protocol/store.go:105.53,106.12 1 1
github.com/ship-commander/sc3/internal/protocol/store.go:108.3,110.65 3 2
github.com/ship-commander/sc3/internal/protocol/store.go:110.65,112.4 1 0
github.com/ship-commander/sc3/internal/protocol/store.go:113.3,113.33 1 2
github.com/ship-commander/sc3/internal/protocol/store.go:115.2,115.20 1 2
github.com/ship-commander/sc3/internal/readyroom/readyroom.go:138.101,139.20 1 9
github.com/ship-commander/sc3/internal/readyroom/readyroom.go:139.20,141.3 1 1
github.com/ship-commander/sc3/internal/readyroom/readyroom.go:142.2,142.38 1 8
github.com/ship-commander/sc3/internal/readyroom/readyroom.go:142.38,144.3 1 1
github.com/ship-commander/sc3/internal/readyroom/readyroom.go:145.2,145.24 1 7
github.com/ship-commander/sc3/internal/readyroom/readyroom.go:145.24,147.3 1 1
github.com/ship-commander/sc3/internal/readyroom/readyroom.go:149.2,160.8 1 7
github.com/ship-commander/sc3/internal/readyroom/readyroom.go:164.58,165.14 1 4
github.com/ship-commander/sc3/internal/readyroom/readyroom.go:165.14,167.3 1 0
github.com/ship-commander/sc3/internal/readyroom/readyroom.go:168.2,168.23 1 4
github.com/ship-commander/sc3/internal/readyroom/readyroom.go:172.55,173.14 1 1
github.com/ship-commander/sc3/internal/readyroom/readyroom.go:173.14,175.3 1 0
github.com/ship-commander/sc3/internal/readyroom/readyroom.go:176.2,176.16 1 1
github.com/ship-commander/sc3/internal/readyroom/readyroom.go:176.16,178.3 1 0
github.com/ship-commander/sc3/internal/readyroom/readyroom.go:179.2,180.12 2 1
github.com/ship-commander/sc3/internal/readyroom/readyroom.go:184.78,185.14 1 6
github.com/ship-commander/sc3/internal/readyroom/readyroom.go:185.14,187.3 1 0
github.com/ship-commander/sc3/internal/readyroom/readyroom.go:189.2,189.45 1 6
github.com/ship-commander/sc3/internal/readyroom/readyroom.go:189.45,191.3 1 0
github.com/ship-commander/sc3/internal/readyroom/readyroom.go:192.2,192.15 1 6
github.com/ship-commander/sc3/internal/readyroom/readyroom.go:192.15,194.22 2 6
github.com/ship-commander/sc3/internal/readyroom/readyroom.go:194.22,196.4 1 6
github.com/ship-commander/sc3/internal/readyroom/readyroom.go:197.3,197.17 1 0
github.com/ship-commander/sc3/internal/readyroom/readyroom.go:197.17,200.4 2 0
github.com/ship-commander/sc3/internal/readyroom/readyroom.go:201.3,201.35 1 0
github.com/ship-commander/sc3/internal/readyroom/readyroom.go:204.2,204.64 1 6
github.com/ship-commander/sc3/internal/readyroom/readyroom.go:204.64,205.38 1 10
github.com/ship-commander/sc3/internal/readyroom/readyroom.go:205.38,207.11 2 28
github.com/ship-commander/sc3/internal/readyroom/readyroom.go:207.11,209.5 1 0
github.com/ship-commander/sc3/internal/readyroom/readyroom.go:211.4,219.18 4 28
github.com/ship-commander/sc3/internal/readyroom/readyroom.go:219.18,221.5 1 0
github.com/ship-commander/sc3/internal/readyroom/readyroom.go:223.4,223.73 1 28
github.com/ship-commander/sc3/internal/readyroom/readyroom.go:223.73,225.5 1 0
github.com/ship-commander/sc3/internal/readyroom/readyroom.go:226.4,227.65 2 28
github.com/ship-commander/sc3/internal/readyroom/readyroom.go:227.65,229.5 1 1
github.com/ship-commander/sc3/internal/readyroom/readyroom.go:232.3,233.16 2 9
github.com/ship-commander/sc3/internal/readyroom/readyroom.go:233.16,235.4 1 2
github.com/ship-commander/sc3/internal/readyroom/readyroom.go:238.2,239.61 2 3
github.com/ship-commander/sc3/internal/readyroom/readyroom.go:243.74,244.14 1 12
github.com/ship-commander/sc3/internal/readyroom/readyroom.go:244.14,246.3 1 0
github.com/ship-commander/sc3/internal/readyroom/readyroom.go:248.2,248.40 1 12
github.com/ship-commander/sc3/internal/readyroom/readyroom.go:248.40,249.98 1 6
github.com/ship-commander/sc3/internal/readyroom/readyroom.go:249.98,251.4 1 4
github.com/ship-commander/sc3/internal/readyroom/readyroom.go:254.2,255.34 2 8
github.com/ship-commander/sc3/internal/readyroom/readyroom.go:255.34,256.32 1 10
github.com/ship-commander/sc3/internal/readyroom/readyroom.go:256.32,258.4 1 6
github.com/ship-commander/sc3/internal/readyroom/readyroom.go:261.2,261.23 1 2
github.com/ship-commander/sc3/internal/readyroom/readyroom.go:265.69,267.48 2 13
github.com/ship-commander/sc3/internal/readyroom/readyroom.go:267.48,269.3 1 27
github.com/ship-commander/sc3/internal/readyroom/readyroom.go:271.2,271.40 1 13
github.com/ship-commander/sc3/internal/readyroom/readyroom.go:271.40,272.48 1 8
github.com/ship-commander/sc3/internal/readyroom/readyroom.go:272.48,273.41 1 11
github.com/ship-commander/sc3/internal/readyroom/readyroom.go:273.41,274.13 1 0
github.com/ship-commander/sc3/internal/readyroom/readyroom.go:276.4,276.96 1 11
github.com/ship-commander/sc3/internal/readyroom/readyroom.go:276.96,278.13 2 5
github.com/ship-commander/sc3/internal/readyroom/readyroom.go:280.4,280.46 1 6
github.com/ship-commander/sc3/internal/readyroom/readyroom.go:280.46,282.5 1 6
github.com/ship-commander/sc3/internal/readyroom/readyroom.go:286.2,286.17 1 13
github.com/ship-commander/sc3/internal/readyroom/readyroom.go:289.62,290.37 1 6
github.com/ship-commander/sc3/internal/readyroom/readyroom.go:290.37,291.44 1 18
github.com/ship-commander/sc3/internal/readyroom/readyroom.go:291.44,292.12 1 0
github.com/ship-commander/sc3/internal/readyroom/readyroom.go:295.3,299.17 2 18
github.com/ship-commander/sc3/internal/readyroom/readyroom.go:299.17,301.4 1 0
github.com/ship-commander/sc3/internal/readyroom/readyroom.go:302.3,302.29 1 18
github.com/ship-commander/sc3/internal/readyroom/readyroom.go:305.2,305.12 1 6
github.com/ship-commander/sc3/internal/readyroom/readyroom.go:308.62,309.40 1 6
github.com/ship-commander/sc3/internal/readyroom/readyroom.go:309.40,310.44 1 18
[...]
github.com/ship-commander/sc3/internal/readyroom/readyroom.go:335.73,336.13 1 17
github.com/ship-commander/sc3/internal/readyroom/readyroom.go:338.4,338.62 1 5
github.com/ship-commander/sc3/internal/readyroom/readyroom.go:341.3,341.28 1 14
github.com/ship-commander/sc3/internal/readyroom/readyroom.go:341.28,342.12 1 4
github.com/ship-commander/sc3/internal/readyroom/readyroom.go:345.3,345.15 1 10
github.com/ship-commander/sc3/internal/readyroom/readyroom.go:346.20,347.35 1 4
github.com/ship-commander/sc3/internal/readyroom/readyroom.go:348.22,349.37 1 2
github.com/ship-commander/sc3/internal/readyroom/readyroom.go:350.26,351.41 1 4
github.com/ship-commander/sc3/internal/readyroom/readyroom.go:356.86,357.35 1 28
github.com/ship-commander/sc3/internal/readyroom/readyroom.go:357.35,366.36 2 4
github.com/ship-commander/sc3/internal/readyroom/readyroom.go:366.36,368.4 1 4
github.com/ship-commander/sc3/internal/readyroom/readyroom.go:369.3,369.26 1 4
github.com/ship-commander/sc3/internal/readyroom/readyroom.go:369.26,371.4 1 0
github.com/ship-commander/sc3/internal/readyroom/readyroom.go:373.3,375.24 2 4
github.com/ship-commander/sc3/internal/readyroom/readyroom.go:376.27,377.39 1 1
github.com/ship-commander/sc3/internal/readyroom/readyroom.go:377.39,378.21 1 3
github.com/ship-commander/sc3/internal/readyroom/readyroom.go:378.21,379.14 1 1
github.com/ship-commander/sc3/internal/readyroom/readyroom.go:381.5,381.62 1 2
github.com/ship-commander/sc3/internal/readyroom/readyroom.go:383.11,385.45 2 3
github.com/ship-commander/sc3/internal/readyroom/readyroom.go:385.45,387.5 1 1
github.com/ship-commander/sc3/internal/readyroom/readyroom.go:388.4,388.61 1 2
github.com/ship-commander/sc3/internal/readyroom/readyroom.go:392.2,392.12 1 27
github.com/ship-commander/sc3/internal/readyroom/readyroom.go:399.9,400.25 1 28
github.com/ship-commander/sc3/internal/readyroom/readyroom.go:400.25,402.3 1 26
github.com/ship-commander/sc3/internal/readyroom/readyroom.go:403.2,403.27 1 2
github.com/ship-commander/sc3/internal/readyroom/readyroom.go:403.27,405.3 1 0
github.com/ship-commander/sc3/internal/readyroom/readyroom.go:407.2,407.37 1 2
github.com/ship-commander/sc3/internal/readyroom/readyroom.go:407.37,410.24 2 2
github.com/ship-commander/sc3/internal/readyroom/readyroom.go:410.24,418.4 1 2
github.com/ship-commander/sc3/internal/readyroom/readyroom.go:420.3,421.17 2 2
github.com/ship-commander/sc3/internal/readyroom/readyroom.go:421.17,423.4 1 0
github.com/ship-commander/sc3/internal/readyroom/readyroom.go:424.3,424.66 1 2
github.com/ship-commander/sc3/internal/readyroom/readyroom.go:424.66,426.4 1 0
github.com/ship-commander/sc3/internal/readyroom/readyroom.go:427.3,427.47 1 2
github.com/ship-commander/sc3/internal/readyroom/readyroom.go:430.2,430.12 1 2
github.com/ship-commander/sc3/internal/readyroom/readyroom.go:437.3,438.14 1 2
github.com/ship-commander/sc3/internal/readyroom/readyroom.go:438.14,440.3 1 0
github.com/ship-commander/sc3/internal/readyroom/readyroom.go:442.2,453.23 4 2
github.com/ship-commander/sc3/internal/readyroom/readyroom.go:453.23,455.3 1 1
github.com/ship-commander/sc3/internal/readyroom/readyroom.go:457.2,459.37 3 1
github.com/ship-commander/sc3/internal/readyroom/readyroom.go:459.37,460.25 1 3
github.com/ship-commander/sc3/internal/readyroom/readyroom.go:460.25,461.12 1 1
github.com/ship-commander/sc3/internal/readyroom/readyroom.go:463.3,463.66 1 2
github.com/ship-commander/sc3/internal/readyroom/readyroom.go:465.2,465.51 1 1
github.com/ship-commander/sc3/internal/readyroom/readyroom.go:468.63,470.70 2 2
github.com/ship-commander/sc3/internal/readyroom/readyroom.go:470.70,472.3 1 1
github.com/ship-commander/sc3/internal/readyroom/readyroom.go:473.2,473.68 1 2
github.com/ship-commander/sc3/internal/readyroom/readyroom.go:473.68,475.3 1 0
github.com/ship-commander/sc3/internal/readyroom/readyroom.go:476.2,476.21 1 2
github.com/ship-commander/sc3/internal/readyroom/readyroom.go:476.21,478.3 1 1
github.com/ship-commander/sc3/internal/readyroom/readyroom.go:479.2,479.22 1 2
github.com/ship-commander/sc3/internal/readyroom/readyroom.go:479.22,481.3 1 1
github.com/ship-commander/sc3/internal/readyroom/readyroom.go:482.2,482.34 1 2
github.com/ship-commander/sc3/internal/readyroom/readyroom.go:485.111,487.40 2 5
github.com/ship-commander/sc3/internal/readyroom/readyroom.go:487.40,493.3 1 3
github.com/ship-commander/sc3/internal/readyroom/readyroom.go:494.2,494.55 1 5
github.com/ship-commander/sc3/internal/readyroom/readyroom.go:494.55,496.3 1 0
github.com/ship-commander/sc3/internal/readyroom/readyroom.go:498.2,501.27 4 5
github.com/ship-commander/sc3/internal/readyroom/readyroom.go:501.27,503.3 1 5
github.com/ship-commander/sc3/internal/readyroom/readyroom.go:505.2,512.3 1 5
github.com/ship-commander/sc3/internal/state/machine.go:151.49,153.18 2 1
github.com/ship-commander/sc3/internal/state/machine.go:153.18,155.3 1 0
github.com/ship-commander/sc3/internal/state/machine.go:156.2,163.3 1 1
github.com/ship-commander/sc3/internal/state/machine.go:167.56,170.2 2 1
github.com/ship-commander/sc3/internal/state/machine.go:181.70,182.22 1 9
github.com/ship-commander/sc3/internal/state/machine.go:182.22,184.3 1 0
github.com/ship-commander/sc3/internal/state/machine.go:186.2,187.27 2 9
github.com/ship-commander/sc3/internal/state/machine.go:187.27,189.3 1 0
github.com/ship-commander/sc3/internal/state/machine.go:191.2,196.8 1 9
github.com/ship-commander/sc3/internal/state/machine.go:200.104,201.14 1 22
github.com/ship-commander/sc3/internal/state/machine.go:201.14,203.3 1 0
github.com/ship-commander/sc3/internal/state/machine.go:205.2,206.20 2 22
github.com/ship-commander/sc3/internal/state/machine.go:206.20,208.3 1 0
github.com/ship-commander/sc3/internal/state/machine.go:209.2,211.38 3 22
github.com/ship-commander/sc3/internal/state/machine.go:211.38,213.3 1 0
github.com/ship-commander/sc3/internal/state/machine.go:215.2,215.48 1 22
github.com/ship-commander/sc3/internal/state/machine.go:215.48,223.3 1 1
github.com/ship-commander/sc3/internal/state/machine.go:225.2,236.92 3 21
github.com/ship-commander/sc3/internal/state/machine.go:236.92,238.3 1 1
github.com/ship-commander/sc3/internal/state/machine.go:240.2,249.66 2 20
github.com/ship-commander/sc3/internal/state/machine.go:249.66,251.3 1 1
github.com/ship-commander/sc3/internal/state/machine.go:253.2,254.12 2 19
github.com/ship-commander/sc3/internal/state/machine.go:258.48,259.14 1 1
github.com/ship-commander/sc3/internal/state/machine.go:259.14,261.3 1 0
github.com/ship-commander/sc3/internal/state/machine.go:262.2,264.12 3 1
github.com/ship-commander/sc3/internal/state/machine.go:267.71,269.9 2 22
github.com/ship-commander/sc3/internal/state/machine.go:269.9,271.3 1 0
github.com/ship-commander/sc3/internal/state/machine.go:272.2,273.9 2 22
github.com/ship-commander/sc3/internal/state/machine.go:273.9,275.3 1 0
github.com/ship-commander/sc3/internal/state/machine.go:276.2,277.11 2 22
github.com/ship-commander/sc3/internal/state/machine.go:280.51,281.20 1 21
github.com/ship-commander/sc3/internal/state/machine.go:282.24,283.28 1 6
github.com/ship-commander/sc3/internal/state/machine.go:284.21,285.25 1 4
github.com/ship-commander/sc3/internal/state/machine.go:286.16,287.20 1 7
github.com/ship-commander/sc3/internal/state/machine.go:288.19,289.23 1 4
github.com/ship-commander/sc3/internal/state/machine.go:290.10,291.17 1 0
github.com/ship-commander/sc3/test/test_helpers.go:20.44,25.2 4 1
github.com/ship-commander/sc3/test/test_helpers.go:29.35,33.19 4 2
github.com/ship-commander/sc3/test/test_helpers.go:33.19,36.3 2 2
github.com/ship-commander/sc3/test/test_helpers.go:37.2,37.12 1 2
github.com/ship-commander/sc3/test/test_helpers.go:42.52,49.2 6 1
github.com/ship-commander/sc3/test/test_helpers.go:53.38,61.19 6 0
github.com/ship-commander/sc3/test/test_helpers.go:61.19,64.3 2 0
github.com/ship-commander/sc3/test/test_helpers.go:68.44,71.2 2 0
github.com/ship-commander/sc3/test/test_helpers.go:74.45,77.2 2 0
github.com/ship-commander/sc3/test/test_helpers.go:80.50,84.2 3 2
github.com/ship-commander/sc3/test/test_helpers.go:87.53,91.2 3 0
github.com/ship-commander/sc3/test/test_helpers.go:94.68,100.2 4 1
github.com/ship-commander/sc3/test/test_helpers.go:103.32,105.21 2 1
github.com/ship-commander/sc3/test/test_helpers.go:105.21,107.3 1 0
github.com/ship-commander/sc3/test/test_helpers.go:142.87,144.27 2 0
github.com/ship-commander/sc3/test/test_helpers.go:144.27,145.37 1 0
github.com/ship-commander/sc3/test/test_helpers.go:145.37,147.4 1 0
github.com/ship-commander/sc3/test/test_helpers.go:152.62,155.2 2 0
github.com/ship-commander/sc3/test/test_helpers.go:158.64,161.2 2 0
github.com/ship-commander/sc3/test/test_helpers.go:164.73,167.2 2 0
github.com/ship-commander/sc3/internal/beads/client.go:27.119,38.2 8 13
github.com/ship-commander/sc3/internal/beads/client.go:49.49,51.2 1 1
github.com/ship-commander/sc3/internal/beads/client.go:53.103,54.38 1 20
github.com/ship-commander/sc3/internal/beads/client.go:54.38,56.17 2 0
github.com/ship-commander/sc3/internal/beads/client.go:56.17,58.4 1 0
github.com/ship-commander/sc3/internal/beads/client.go:59.3,59.16 1 0
github.com/ship-commander/sc3/internal/beads/client.go:61.2,61.38 1 20
github.com/ship-commander/sc3/internal/beads/client.go:61.38,63.3 1 0
github.com/ship-commander/sc3/internal/beads/client.go:64.2,64.18 1 20
github.com/ship-commander/sc3/internal/beads/client.go:64.18,66.3 1 1
github.com/ship-commander/sc3/internal/beads/client.go:67.2,67.19 1 19
github.com/ship-commander/sc3/internal/beads/client.go:67.19,69.3 1 0
github.com/ship-commander/sc3/internal/beads/client.go:71.2,78.42 2 19
github.com/ship-commander/sc3/internal/beads/client.go:78.42,80.3 1 1
github.com/ship-commander/sc3/internal/beads/client.go:82.2,82.20 1 18
github.com/ship-commander/sc3/internal/beads/client.go:85.35,86.52 1 19
github.com/ship-commander/sc3/internal/beads/client.go:86.52,88.3 1 0
github.com/ship-commander/sc3/internal/beads/client.go:90.2,91.16 2 19
github.com/ship-commander/sc3/internal/beads/client.go:91.16,93.3 1 1
github.com/ship-commander/sc3/internal/beads/client.go:95.2,95.12 1 18
github.com/ship-commander/sc3/internal/beads/client.go:99.31,102.9 3 3
github.com/ship-commander/sc3/internal/beads/client.go:103.18,104.13 1 1
github.com/ship-commander/sc3/internal/beads/client.go:105.38,107.20 2 2
github.com/ship-commander/sc3/internal/beads/client.go:107.20,109.4 1 0
github.com/ship-commander/sc3/internal/beads/client.go:110.3,110.13 1 2
github.com/ship-commander/sc3/internal/beads/client.go:111.10,112.66 1 0
github.com/ship-commander/sc3/internal/beads/client.go:117.58,119.17 2 5
github.com/ship-commander/sc3/internal/beads/client.go:119.17,121.3 1 1
github.com/ship-commander/sc3/internal/beads/client.go:123.2,124.21 2 4
github.com/ship-commander/sc3/internal/beads/client.go:124.21,126.3 1 0
github.com/ship-commander/sc3/internal/beads/client.go:128.2,133.47 2 4
github.com/ship-commander/sc3/internal/beads/client.go:133.47,135.3 1 4
github.com/ship-commander/sc3/internal/beads/client.go:136.2,136.65 1 4
github.com/ship-commander/sc3/internal/beads/client.go:136.65,138.3 1 1
github.com/ship-commander/sc3/internal/beads/client.go:139.2,139.26 1 4
github.com/ship-commander/sc3/internal/beads/client.go:139.26,141.3 1 2
github.com/ship-commander/sc3/internal/beads/client.go:142.2,142.44 1 4
github.com/ship-commander/sc3/internal/beads/client.go:142.44,144.3 1 1
github.com/ship-commander/sc3/internal/beads/client.go:146.2,147.16 2 4
github.com/ship-commander/sc3/internal/beads/client.go:147.16,149.3 1 0
github.com/ship-commander/sc3/internal/beads/client.go:151.2,152.50 2 4
github.com/ship-commander/sc3/internal/beads/client.go:152.50,154.3 1 0
github.com/ship-commander/sc3/internal/beads/client.go:155.2,155.41 1 4
github.com/ship-commander/sc3/internal/beads/client.go:155.41,157.3 1 0
github.com/ship-commander/sc3/internal/beads/client.go:159.2,159.24 1 4
github.com/ship-commander/sc3/internal/beads/client.go:163.49,164.33 1 2
github.com/ship-commander/sc3/internal/beads/client.go:164.33,166.3 1 0
github.com/ship-commander/sc3/internal/beads/client.go:168.2,169.16 2 2
github.com/ship-commander/sc3/internal/beads/client.go:169.16,171.3 1 0
github.com/ship-commander/sc3/internal/beads/client.go:173.2,174.16 2 2
github.com/ship-commander/sc3/internal/beads/client.go:174.16,176.3 1 0
github.com/ship-commander/sc3/internal/beads/client.go:177.2,177.18 1 2
github.com/ship-commander/sc3/internal/beads/client.go:181.54,183.40 2 3
github.com/ship-commander/sc3/internal/beads/client.go:183.40,185.3 1 2
github.com/ship-commander/sc3/internal/beads/client.go:186.2,186.42 1 3
github.com/ship-commander/sc3/internal/beads/client.go:186.42,188.3 1 2
github.com/ship-commander/sc3/internal/beads/client.go:189.2,189.20 1 3
github.com/ship-commander/sc3/internal/beads/client.go:189.20,191.3 1 2
github.com/ship-commander/sc3/internal/beads/client.go:192.2,192.42 1 3
github.com/ship-commander/sc3/internal/beads/client.go:192.42,194.3 1 1
github.com/ship-commander/sc3/internal/beads/client.go:195.2,195.36 1 3
github.com/ship-commander/sc3/internal/beads/client.go:195.36,196.37 1 2
github.com/ship-commander/sc3/internal/beads/client.go:196.37,197.12 1 0
github.com/ship-commander/sc3/internal/beads/client.go:199.3,199.59 1 2
github.com/ship-commander/sc3/internal/beads/client.go:202.2,203.16 2 3
github.com/ship-commander/sc3/internal/beads/client.go:203.16,205.3 1 0
github.com/ship-commander/sc3/internal/beads/client.go:207.2,208.16 2 3
github.com/ship-commander/sc3/internal/beads/client.go:208.16,210.3 1 1
github.com/ship-commander/sc3/internal/beads/client.go:211.2,211.20 1 2
github.com/ship-commander/sc3/internal/beads/client.go:215.56,216.33 1 3
github.com/ship-commander/sc3/internal/beads/client.go:216.33,218.3 1 0
github.com/ship-commander/sc3/internal/beads/client.go:219.2,219.34 1 3
github.com/ship-commander/sc3/internal/beads/client.go:219.34,221.3 1 1
github.com/ship-commander/sc3/internal/beads/client.go:223.2,224.16 2 2
github.com/ship-commander/sc3/internal/beads/client.go:224.16,226.3 1 1
github.com/ship-commander/sc3/internal/beads/client.go:227.2,227.59 1 1
github.com/ship-commander/sc3/internal/beads/client.go:227.59,229.3 1 0
github.com/ship-commander/sc3/internal/beads/client.go:230.2,230.12 1 1
github.com/ship-commander/sc3/internal/beads/client.go:234.57,235.38 1 2
github.com/ship-commander/sc3/internal/beads/client.go:235.38,237.3 1 0
github.com/ship-commander/sc3/internal/beads/client.go:238.2,238.39 1 2
github.com/ship-commander/sc3/internal/beads/client.go:238.39,240.3 1 0
github.com/ship-commander/sc3/internal/beads/client.go:242.2,243.16 2 2
github.com/ship-commander/sc3/internal/beads/client.go:243.16,245.3 1 0
github.com/ship-commander/sc3/internal/beads/client.go:246.2,246.59 1 2
github.com/ship-commander/sc3/internal/beads/client.go:246.59,248.3 1 0
github.com/ship-commander/sc3/internal/beads/client.go:249.2,249.12 1 2
github.com/ship-commander/sc3/internal/beads/client.go:253.42,255.16 2 2
github.com/ship-commander/sc3/internal/beads/client.go:255.16,257.3 1 0
github.com/ship-commander/sc3/internal/beads/client.go:259.2,260.16 2 2
github.com/ship-commander/sc3/internal/beads/client.go:260.16,262.3 1 0
github.com/ship-commander/sc3/internal/beads/client.go:263.2,263.20 1 2
github.com/ship-commander/sc3/internal/beads/client.go:267.51,268.33 1 2
github.com/ship-commander/sc3/internal/beads/client.go:268.33,270.3 1 0
github.com/ship-commander/sc3/internal/beads/client.go:272.2,273.16 2 2
github.com/ship-commander/sc3/internal/beads/client.go:273.16,275.3 1 0
github.com/ship-commander/sc3/internal/beads/client.go:277.2,278.50 2 2
github.com/ship-commander/sc3/internal/beads/client.go:278.50,280.3 1 0
github.com/ship-commander/sc3/internal/beads/client.go:282.2,283.16 2 2
github.com/ship-commander/sc3/internal/beads/client.go:283.16,285.3 1 0
github.com/ship-commander/sc3/internal/beads/client.go:287.2,287.32 1 2
github.com/ship-commander/sc3/internal/beads/client.go:291.55,292.33 1 2
github.com/ship-commander/sc3/internal/beads/client.go:292.33,294.3 1 0
github.com/ship-commander/sc3/internal/beads/client.go:295.2,295.38 1 2
github.com/ship-commander/sc3/internal/beads/client.go:295.38,297.3 1 0
github.com/ship-commander/sc3/internal/beads/client.go:299.2,300.16 2 2
github.com/ship-commander/sc3/internal/beads/client.go:300.16,302.3 1 0
github.com/ship-commander/sc3/internal/beads/client.go:303.2,303.59 1 2
github.com/ship-commander/sc3/internal/beads/client.go:303.59,305.3 1 0
github.com/ship-commander/sc3/internal/beads/client.go:306.2,306.12 1 2
github.com/ship-commander/sc3/internal/beads/client.go:310.50,311.33 1 2
github.com/ship-commander/sc3/internal/beads/client.go:311.33,313.3 1 0
github.com/ship-commander/sc3/internal/beads/client.go:315.2,316.16 2 2
github.com/ship-commander/sc3/internal/beads/client.go:316.16,318.3 1 0
github.com/ship-commander/sc3/internal/beads/client.go:319.2,319.59 1 2
github.com/ship-commander/sc3/internal/beads/client.go:319.59,321.3 1 0
github.com/ship-commander/sc3/internal/beads/client.go:322.2,322.12 1 2
github.com/ship-commander/sc3/internal/beads/client.go:325.54,330.31 4 44
github.com/ship-commander/sc3/internal/beads/client.go:330.31,332.3 1 43
github.com/ship-commander/sc3/internal/beads/client.go:334.2,335.16 2 44
github.com/ship-commander/sc3/internal/beads/client.go:335.16,343.3 1 3
github.com/ship-commander/sc3/internal/beads/client.go:345.2,345.37 1 41
github.com/ship-commander/sc3/internal/beads/client.go:348.38,349.27 1 44
github.com/ship-commander/sc3/internal/beads/client.go:349.27,350.22 1 119
github.com/ship-commander/sc3/internal/beads/client.go:350.22,352.4 1 1
github.com/ship-commander/sc3/internal/beads/client.go:354.2,354.14 1 43
github.com/ship-commander/sc3/internal/beads/client.go:357.45,359.23 2 22
github.com/ship-commander/sc3/internal/beads/client.go:359.23,361.3 1 1
github.com/ship-commander/sc3/internal/beads/client.go:362.2,362.53 1 21
github.com/ship-commander/sc3/internal/beads/client.go:362.53,364.3 1 0
github.com/ship-commander/sc3/internal/beads/client.go:365.2,365.12 1 21
github.com/ship-commander/sc3/internal/beads/client.go:368.51,370.23 2 3
github.com/ship-commander/sc3/internal/beads/client.go:370.23,372.3 1 0
github.com/ship-commander/sc3/internal/beads/client.go:374.2,374.20 1 3
github.com/ship-commander/sc3/internal/beads/client.go:375.11,377.53 2 3
github.com/ship-commander/sc3/internal/beads/client.go:377.53,379.4 1 0
github.com/ship-commander/sc3/internal/beads/client.go:380.3,380.22 1 3
github.com/ship-commander/sc3/internal/beads/client.go:380.22,382.4 1 1
github.com/ship-commander/sc3/internal/beads/client.go:383.3,383.24 1 2
github.com/ship-commander/sc3/internal/beads/client.go:384.11,386.52 2 0
github.com/ship-commander/sc3/internal/beads/client.go:386.52,388.4 1 0
github.com/ship-commander/sc3/internal/beads/client.go:389.3,389.39 1 0
github.com/ship-commander/sc3/internal/beads/client.go:389.39,391.4 1 0
github.com/ship-commander/sc3/internal/beads/client.go:392.3,392.20 1 0
github.com/ship-commander/sc3/internal/beads/client.go:393.10,394.58 1 0
github.com/ship-commander/sc3/internal/beads/client.go:398.50,400.23 2 6
github.com/ship-commander/sc3/internal/beads/client.go:400.23,402.3 1 0
github.com/ship-commander/sc3/internal/beads/client.go:404.2,404.20 1 6
github.com/ship-commander/sc3/internal/beads/client.go:405.11,407.53 2 4
github.com/ship-commander/sc3/internal/beads/client.go:407.53,409.4 1 0
github.com/ship-commander/sc3/internal/beads/client.go:410.3,410.20 1 4
github.com/ship-commander/sc3/internal/beads/client.go:411.11,415.55 2 1
github.com/ship-commander/sc3/internal/beads/client.go:415.55,417.4 1 0
github.com/ship-commander/sc3/internal/beads/client.go:418.3,418.29 1 1
github.com/ship-commander/sc3/internal/beads/client.go:419.10,420.58 1 1
